"../../../Engine/Content/EngineMaterials/T_Default_Material_Grid_M.ubulk" 0
"../../../Engine/Content/EngineMaterials/T_Default_Material_Grid_M.uasset" 1
"../../../Engine/Content/EngineMaterials/T_Default_Material_Grid_M.uexp" 2
"../../../Engine/Content/EngineMaterials/T_Default_Material_Grid_N.ubulk" 3
"../../../Engine/Content/EngineMaterials/T_Default_Material_Grid_N.uasset" 4
"../../../Engine/Content/EngineMaterials/T_Default_Material_Grid_N.uexp" 5
"../../../Engine/Content/Functions/Engine_MaterialFunctions01/Opacity/CameraDepthFade.uasset" 6
"../../../Engine/Content/Functions/Engine_MaterialFunctions01/Opacity/CameraDepthFade.uexp" 7
"../../../Engine/Content/EngineMaterials/WorldGridMaterial.uasset" 8
"../../../Engine/Content/EngineMaterials/WorldGridMaterial.uexp" 9
"../../../Engine/Content/BasicShapes/Plane.uasset" 10
"../../../Engine/Content/BasicShapes/Plane.uexp" 11
"../../../Engine/Content/BasicShapes/Cube.uasset" 12
"../../../Engine/Content/BasicShapes/Cube.uexp" 13
"../../../Engine/Content/EngineMaterials/DefaultMaterial.uasset" 14
"../../../Engine/Content/EngineMaterials/DefaultMaterial.uexp" 15
"../../../Engine/Content/BasicShapes/Cone.uasset" 16
"../../../Engine/Content/BasicShapes/Cone.uexp" 17
"../../../Engine/Content/ArtTools/RenderToTexture/Meshes/S_1_Unit_Plane.uasset" 18
"../../../Engine/Content/ArtTools/RenderToTexture/Meshes/S_1_Unit_Plane.uexp" 19
"../../../Engine/Content/Animation/DefaultAnimCurveCompressionSettings.uasset" 20
"../../../Engine/Content/Animation/DefaultAnimCurveCompressionSettings.uexp" 21
"../../../Engine/Content/Animation/DefaultAnimBoneCompressionSettings.uasset" 22
"../../../Engine/Content/Animation/DefaultAnimBoneCompressionSettings.uexp" 23
"../../../Engine/Content/EngineFonts/Faces/RobotoLight.uexp" 24
"../../../Engine/Content/EngineFonts/Faces/RobotoLight.uasset" 25
"../../../Engine/Content/EngineFonts/Faces/RobotoLight.ufont" 26
"../../../Engine/Content/EngineFonts/Faces/RobotoBold.uexp" 27
"../../../Engine/Content/EngineFonts/Faces/RobotoBold.uasset" 28
"../../../Engine/Content/EngineFonts/Faces/RobotoBold.ufont" 29
"../../../Engine/Content/EngineFonts/Faces/RobotoRegular.uexp" 30
"../../../Engine/Content/EngineFonts/Faces/RobotoRegular.uasset" 31
"../../../Engine/Content/EngineFonts/Faces/RobotoRegular.ufont" 32
"../../../Engine/Content/EngineFonts/Faces/DroidSansFallback.uexp" 33
"../../../Engine/Content/EngineFonts/Faces/DroidSansFallback.uasset" 34
"../../../Engine/Content/EngineFonts/Faces/DroidSansFallback.ufont" 35
"../../../Engine/Content/EngineFonts/Faces/RobotoItalic.uexp" 36
"../../../Engine/Content/EngineFonts/Faces/RobotoItalic.uasset" 37
"../../../Engine/Content/EngineFonts/Faces/RobotoItalic.ufont" 38
"../../../Engine/Content/EngineFonts/Faces/RobotoBoldItalic.uexp" 39
"../../../Engine/Content/EngineFonts/Faces/RobotoBoldItalic.uasset" 40
"../../../Engine/Content/EngineFonts/Faces/RobotoBoldItalic.ufont" 41
"../../../Engine/Content/EngineFonts/Roboto.uasset" 42
"../../../Engine/Content/EngineFonts/Roboto.uexp" 43
"../../../Engine/Content/Functions/Engine_MaterialFunctions02/Utility/CameraDirectionVector.uasset" 44
"../../../Engine/Content/Functions/Engine_MaterialFunctions02/Utility/CameraDirectionVector.uexp" 45
"../../../Engine/Content/EngineDebugMaterials/VolumeToRender.uasset" 46
"../../../Engine/Content/EngineDebugMaterials/VolumeToRender.uexp" 47
"../../../Engine/Content/EngineDebugMaterials/M_VolumeRenderSphereTracePP.uasset" 48
"../../../Engine/Content/EngineDebugMaterials/M_VolumeRenderSphereTracePP.uexp" 49
"../../../Engine/Content/EngineDebugMaterials/M_SimpleUnlitTranslucent.uasset" 50
"../../../Engine/Content/EngineDebugMaterials/M_SimpleUnlitTranslucent.uexp" 51
"../../../Engine/Content/EngineSounds/Master.uasset" 52
"../../../Engine/Content/EngineSounds/Master.uexp" 53
"../../../Engine/Content/EngineSky/VolumetricClouds/CloudWeatherTexture.uasset" 54
"../../../Engine/Content/EngineSky/VolumetricClouds/CloudWeatherTexture.uexp" 55
"../../../Engine/Content/Functions/Engine_MaterialFunctions02/Utility/MakeFloat2.uasset" 56
"../../../Engine/Content/Functions/Engine_MaterialFunctions02/Utility/MakeFloat2.uexp" 57
"../../../Engine/Content/EngineSky/VolumetricClouds/CloudGradientTexture.uasset" 58
"../../../Engine/Content/EngineSky/VolumetricClouds/CloudGradientTexture.uexp" 59
"../../../Engine/Content/EngineSky/VolumetricClouds/T_NoiseShape64.ubulk" 60
"../../../Engine/Content/EngineSky/VolumetricClouds/T_NoiseShape64.uasset" 61
"../../../Engine/Content/EngineSky/VolumetricClouds/T_NoiseShape64.uexp" 62
"../../../Engine/Content/EngineSky/VolumetricClouds/T_VolumeNoiseShape64.uasset" 63
"../../../Engine/Content/EngineSky/VolumetricClouds/T_VolumeNoiseShape64.uexp" 64
"../../../Engine/Content/EngineSky/VolumetricClouds/T_NoiseErosion.ubulk" 65
"../../../Engine/Content/EngineSky/VolumetricClouds/T_NoiseErosion.uasset" 66
"../../../Engine/Content/EngineSky/VolumetricClouds/T_NoiseErosion.uexp" 67
"../../../Engine/Content/EngineSky/VolumetricClouds/T_VolumeNoiseErosion32.uasset" 68
"../../../Engine/Content/EngineSky/VolumetricClouds/T_VolumeNoiseErosion32.uexp" 69
"../../../Engine/Content/EngineSky/VolumetricClouds/m_SimpleVolumetricCloud.uasset" 70
"../../../Engine/Content/EngineSky/VolumetricClouds/m_SimpleVolumetricCloud.uexp" 71
"../../../Engine/Content/EngineSky/VolumetricClouds/m_SimpleVolumetricCloud_Inst.uasset" 72
"../../../Engine/Content/EngineSky/VolumetricClouds/m_SimpleVolumetricCloud_Inst.uexp" 73
"../../../Engine/Content/Functions/Engine_MaterialFunctions01/Shading/PowerToRoughness.uasset" 74
"../../../Engine/Content/Functions/Engine_MaterialFunctions01/Shading/PowerToRoughness.uexp" 75
"../../../Engine/Content/Functions/Engine_MaterialFunctions01/Shading/ConvertFromDiffSpec.uasset" 76
"../../../Engine/Content/Functions/Engine_MaterialFunctions01/Shading/ConvertFromDiffSpec.uexp" 77
"../../../Engine/Content/EngineResources/GradientTexture0.uasset" 78
"../../../Engine/Content/EngineResources/GradientTexture0.uexp" 79
"../../../Engine/Content/EngineResources/DefaultVolumeTexture2D.uasset" 80
"../../../Engine/Content/EngineResources/DefaultVolumeTexture2D.uexp" 81
"../../../Engine/Content/EngineResources/DefaultVolumeTexture.uasset" 82
"../../../Engine/Content/EngineResources/DefaultVolumeTexture.uexp" 83
"../../../Engine/Content/EngineResources/DefaultTextureCube.uasset" 84
"../../../Engine/Content/EngineResources/DefaultTextureCube.uexp" 85
"../../../Engine/Content/EngineResources/DefaultTexture.ubulk" 86
"../../../Engine/Content/EngineResources/DefaultTexture.uasset" 87
"../../../Engine/Content/EngineResources/DefaultTexture.uexp" 88
"../../../Engine/Content/EngineResources/FilmGrains/Marcie_Grain_v3_128_M2_000.uasset" 89
"../../../Engine/Content/EngineResources/FilmGrains/Marcie_Grain_v3_128_M2_000.uexp" 90
"../../../Engine/Content/EngineMeshes/Sphere.uasset" 91
"../../../Engine/Content/EngineMeshes/Sphere.uexp" 92
"../../../Engine/Content/EngineResources/WhiteSquareTexture.uasset" 93
"../../../Engine/Content/EngineResources/WhiteSquareTexture.uexp" 94
"../../../Engine/Content/EngineMaterials/Widget3DPassThrough.uasset" 95
"../../../Engine/Content/EngineMaterials/Widget3DPassThrough.uexp" 96
"../../../Engine/Content/EngineMaterials/Widget3DPassThrough_Translucent.uasset" 97
"../../../Engine/Content/EngineMaterials/Widget3DPassThrough_Translucent.uexp" 98
"../../../Engine/Content/EngineMaterials/Widget3DPassThrough_Translucent_OneSided.uasset" 99
"../../../Engine/Content/EngineMaterials/Widget3DPassThrough_Translucent_OneSided.uexp" 100
"../../../Engine/Content/EngineMaterials/Widget3DPassThrough_Opaque.uasset" 101
"../../../Engine/Content/EngineMaterials/Widget3DPassThrough_Opaque.uexp" 102
"../../../Engine/Content/EngineMaterials/Widget3DPassThrough_Opaque_OneSided.uasset" 103
"../../../Engine/Content/EngineMaterials/Widget3DPassThrough_Opaque_OneSided.uexp" 104
"../../../Engine/Content/EngineMaterials/Widget3DPassThrough_Masked_OneSided.uasset" 105
"../../../Engine/Content/EngineMaterials/Widget3DPassThrough_Masked_OneSided.uexp" 106
"../../../Engine/Content/EngineMaterials/Widget3DPassThrough_Masked.uasset" 107
"../../../Engine/Content/EngineMaterials/Widget3DPassThrough_Masked.uexp" 108
"../../../Engine/Content/EngineMaterials/WeightMapPlaceholderTexture.uasset" 109
"../../../Engine/Content/EngineMaterials/WeightMapPlaceholderTexture.uexp" 110
"../../../Engine/Content/EngineMaterials/RemoveSurfaceMaterial.uasset" 111
"../../../Engine/Content/EngineMaterials/RemoveSurfaceMaterial.uexp" 112
"../../../Engine/Content/EngineMaterials/PreintegratedSkinBRDF.uasset" 113
"../../../Engine/Content/EngineMaterials/PreintegratedSkinBRDF.uexp" 114
"../../../Engine/Content/Functions/Engine_MaterialFunctions02/WorldPositionOffset/CameraOffset.uasset" 115
"../../../Engine/Content/Functions/Engine_MaterialFunctions02/WorldPositionOffset/CameraOffset.uexp" 116
"../../../Engine/Content/EngineMaterials/PhAT_JointLimitMaterial.uasset" 117
"../../../Engine/Content/EngineMaterials/PhAT_JointLimitMaterial.uexp" 118
"../../../Engine/Content/EngineMaterials/InvalidLightmapSettings.ubulk" 119
"../../../Engine/Content/EngineMaterials/InvalidLightmapSettings.uasset" 120
"../../../Engine/Content/EngineMaterials/InvalidLightmapSettings.uexp" 121
"../../../Engine/Content/EngineMaterials/M_InvalidLightmapSettings.uasset" 122
"../../../Engine/Content/EngineMaterials/M_InvalidLightmapSettings.uexp" 123
"../../../Engine/Content/EngineMaterials/MiniFont.uasset" 124
"../../../Engine/Content/EngineMaterials/MiniFont.uexp" 125
"../../../Engine/Content/EngineMaterials/GizmoMaterial.uasset" 126
"../../../Engine/Content/EngineMaterials/GizmoMaterial.uexp" 127
"../../../Engine/Content/EngineMaterials/BaseFlattenEmissiveMap_VT.uasset" 128
"../../../Engine/Content/EngineMaterials/BaseFlattenEmissiveMap_VT.uexp" 129
"../../../Engine/Content/EngineMaterials/BaseFlattenGrayscaleMap_VT.uasset" 130
"../../../Engine/Content/EngineMaterials/BaseFlattenGrayscaleMap_VT.uexp" 131
"../../../Engine/Content/EngineMaterials/BaseFlattenLinearColor_VT.uasset" 132
"../../../Engine/Content/EngineMaterials/BaseFlattenLinearColor_VT.uexp" 133
"../../../Engine/Content/EngineMaterials/Black_1x1_EXR_Texture_VT.uasset" 134
"../../../Engine/Content/EngineMaterials/Black_1x1_EXR_Texture_VT.uexp" 135
"../../../Engine/Content/EngineMaterials/BaseFlattenDiffuseMap_VT.uasset" 136
"../../../Engine/Content/EngineMaterials/BaseFlattenDiffuseMap_VT.uexp" 137
"../../../Engine/Content/EngineMaterials/BaseFlattenNormalMap_VT.uasset" 138
"../../../Engine/Content/EngineMaterials/BaseFlattenNormalMap_VT.uexp" 139
"../../../Engine/Content/EngineMaterials/FlattenMaterial_WS_Normal_VT.uasset" 140
"../../../Engine/Content/EngineMaterials/FlattenMaterial_WS_Normal_VT.uexp" 141
"../../../Engine/Content/EngineMaterials/FlattenMaterial_VT.uasset" 142
"../../../Engine/Content/EngineMaterials/FlattenMaterial_VT.uexp" 143
"../../../Engine/Content/EngineMaterials/BaseFlattenNormalMap.uasset" 144
"../../../Engine/Content/EngineMaterials/BaseFlattenNormalMap.uexp" 145
"../../../Engine/Content/EngineMaterials/BaseFlattenGrayscaleMap.uasset" 146
"../../../Engine/Content/EngineMaterials/BaseFlattenGrayscaleMap.uexp" 147
"../../../Engine/Content/EngineMaterials/BaseFlattenDiffuseMap.uasset" 148
"../../../Engine/Content/EngineMaterials/BaseFlattenDiffuseMap.uexp" 149
"../../../Engine/Content/Functions/Engine_MaterialFunctions02/PivotPainter2/Black_1x1_EXR_Texture.uasset" 150
"../../../Engine/Content/Functions/Engine_MaterialFunctions02/PivotPainter2/Black_1x1_EXR_Texture.uexp" 151
"../../../Engine/Content/EngineMaterials/BaseFlattenEmissiveMap.uasset" 152
"../../../Engine/Content/EngineMaterials/BaseFlattenEmissiveMap.uexp" 153
"../../../Engine/Content/EngineMaterials/BaseFlattenLinearColor.uasset" 154
"../../../Engine/Content/EngineMaterials/BaseFlattenLinearColor.uexp" 155
"../../../Engine/Content/EngineMaterials/FlattenMaterial.uasset" 156
"../../../Engine/Content/EngineMaterials/FlattenMaterial.uexp" 157
"../../../Engine/Content/EngineMaterials/DefaultWhiteGrid_Low.uasset" 158
"../../../Engine/Content/EngineMaterials/DefaultWhiteGrid_Low.uexp" 159
"../../../Engine/Content/EngineMaterials/EmissiveMeshMaterial.uasset" 160
"../../../Engine/Content/EngineMaterials/EmissiveMeshMaterial.uexp" 161
"../../../Engine/Content/EngineMaterials/DefaultWhiteGrid.ubulk" 162
"../../../Engine/Content/EngineMaterials/DefaultWhiteGrid.uasset" 163
"../../../Engine/Content/EngineMaterials/DefaultWhiteGrid.uexp" 164
"../../../Engine/Content/EngineFonts/RobotoDistanceField.uasset" 165
"../../../Engine/Content/EngineFonts/RobotoDistanceField.uexp" 166
"../../../Engine/Content/EngineMaterials/DefaultTextMaterialOpaque.uasset" 167
"../../../Engine/Content/EngineMaterials/DefaultTextMaterialOpaque.uexp" 168
"../../../Engine/Content/EngineMaterials/DefaultDiffuse.ubulk" 169
"../../../Engine/Content/EngineMaterials/DefaultDiffuse.uasset" 170
"../../../Engine/Content/EngineMaterials/DefaultDiffuse.uexp" 171
"../../../Engine/Content/Functions/Engine_MaterialFunctions02/Utility/BreakOutFloat2Components.uasset" 172
"../../../Engine/Content/Functions/Engine_MaterialFunctions02/Utility/BreakOutFloat2Components.uexp" 173
"../../../Engine/Content/EngineMaterials/DefaultPostProcessMaterial.uasset" 174
"../../../Engine/Content/EngineMaterials/DefaultPostProcessMaterial.uexp" 175
"../../../Engine/Content/EngineMaterials/DefaultPhysicalMaterial.uasset" 176
"../../../Engine/Content/EngineMaterials/DefaultPhysicalMaterial.uexp" 177
"../../../Engine/Content/EngineMaterials/DefaultLightFunctionMaterial.uasset" 178
"../../../Engine/Content/EngineMaterials/DefaultLightFunctionMaterial.uexp" 179
"../../../Engine/Content/EngineMaterials/DefaultDestructiblePhysicalMaterial.uasset" 180
"../../../Engine/Content/EngineMaterials/DefaultDestructiblePhysicalMaterial.uexp" 181
"../../../Engine/Content/EngineMaterials/DefaultDeferredDecalMaterial.uasset" 182
"../../../Engine/Content/EngineMaterials/DefaultDeferredDecalMaterial.uexp" 183
"../../../Engine/Content/EngineMaterials/DefaultBokeh.uasset" 184
"../../../Engine/Content/EngineMaterials/DefaultBokeh.uexp" 185
"../../../Engine/Content/EngineMaterials/DefaultBloomKernel.uasset" 186
"../../../Engine/Content/EngineMaterials/DefaultBloomKernel.uexp" 187
"../../../Engine/Content/EngineMaterials/BlueNoise.uasset" 188
"../../../Engine/Content/EngineMaterials/BlueNoise.uexp" 189
"../../../Engine/Content/EngineDebugMaterials/DebugMeshMaterial.uasset" 190
"../../../Engine/Content/EngineDebugMaterials/DebugMeshMaterial.uexp" 191
"../../../Engine/Content/EngineDebugMaterials/DebugEditorMaterial.uasset" 192
"../../../Engine/Content/EngineDebugMaterials/DebugEditorMaterial.uexp" 193
"../../../Engine/Content/EngineDamageTypes/DmgTypeBP_Environmental.uasset" 194
"../../../Engine/Content/EngineDamageTypes/DmgTypeBP_Environmental.uexp" 195
"../../../Engine/Content/EditorResources/S_TriggerSphere.uasset" 196
"../../../Engine/Content/EditorResources/S_TriggerSphere.uexp" 197
"../../../Engine/Content/EditorResources/S_TriggerCapsule.uasset" 198
"../../../Engine/Content/EditorResources/S_TriggerCapsule.uexp" 199
"../../../Engine/Content/EditorResources/S_TriggerBox.uasset" 200
"../../../Engine/Content/EditorResources/S_TriggerBox.uexp" 201
"../../../Engine/Content/EditorResources/S_Trigger.ubulk" 202
"../../../Engine/Content/EditorResources/S_Trigger.uasset" 203
"../../../Engine/Content/EditorResources/S_Trigger.uexp" 204
"../../../Engine/Content/EditorResources/S_Terrain.ubulk" 205
"../../../Engine/Content/EditorResources/S_Terrain.uasset" 206
"../../../Engine/Content/EditorResources/S_Terrain.uexp" 207
"../../../Engine/Content/EditorResources/S_Solver.ubulk" 208
"../../../Engine/Content/EditorResources/S_Solver.uasset" 209
"../../../Engine/Content/EditorResources/S_Solver.uexp" 210
"../../../Engine/Content/EditorResources/S_BoxReflectionCapture.uasset" 211
"../../../Engine/Content/EditorResources/S_BoxReflectionCapture.uexp" 212
"../../../Engine/Content/EditorResources/S_Actor.ubulk" 213
"../../../Engine/Content/EditorResources/S_Actor.uasset" 214
"../../../Engine/Content/EditorResources/S_Actor.uexp" 215
"../../../Engine/Content/EditorResources/EmptyActor.uasset" 216
"../../../Engine/Content/EditorResources/EmptyActor.uexp" 217
"../../../Engine/Content/EditorResources/BSPVertex.uasset" 218
"../../../Engine/Content/EditorResources/BSPVertex.uexp" 219
"../../../Engine/Content/EditorResources/SequenceRecorder/RecordingIndicator.uasset" 220
"../../../Engine/Content/EditorResources/SequenceRecorder/RecordingIndicator.uexp" 221
"../../../Engine/Content/EditorResources/SequenceRecorder/Countdown.uasset" 222
"../../../Engine/Content/EditorResources/SequenceRecorder/Countdown.uexp" 223
"../../../Engine/Content/EditorResources/LightIcons/S_LightError.uasset" 224
"../../../Engine/Content/EditorResources/LightIcons/S_LightError.uexp" 225
"../../../Engine/Content/EditorResources/AudioIcons/S_AudioComponent_AutoActivate.uasset" 226
"../../../Engine/Content/EditorResources/AudioIcons/S_AudioComponent_AutoActivate.uexp" 227
"../../../Engine/Content/EditorMaterials/Camera/CineMat.uasset" 228
"../../../Engine/Content/EditorMaterials/Camera/CineMat.uexp" 229
"../../../Engine/Content/EditorMaterials/Camera/MI_CineMat_Rig.uasset" 230
"../../../Engine/Content/EditorMaterials/Camera/MI_CineMat_Rig.uexp" 231
"../../../Engine/Content/EditorMeshes/Camera/SM_RailRig_Track.uasset" 232
"../../../Engine/Content/EditorMeshes/Camera/SM_RailRig_Track.uexp" 233
"../../../Engine/Content/EditorMeshes/Camera/SM_RailRig_Mount.uasset" 234
"../../../Engine/Content/EditorMeshes/Camera/SM_RailRig_Mount.uexp" 235
"../../../Engine/Content/EditorMeshes/Camera/SM_CraneRig_Mount.uasset" 236
"../../../Engine/Content/EditorMeshes/Camera/SM_CraneRig_Mount.uexp" 237
"../../../Engine/Content/EditorMeshes/Camera/SM_CraneRig_Body.uasset" 238
"../../../Engine/Content/EditorMeshes/Camera/SM_CraneRig_Body.uexp" 239
"../../../Engine/Content/EditorMeshes/Camera/SM_CraneRig_Base.uasset" 240
"../../../Engine/Content/EditorMeshes/Camera/SM_CraneRig_Base.uexp" 241
"../../../Engine/Content/EditorMeshes/Camera/SM_CraneRig_Arm.uasset" 242
"../../../Engine/Content/EditorMeshes/Camera/SM_CraneRig_Arm.uexp" 243
"../../../Engine/Content/EditorMaterials/PreviewShadowIndicator.ubulk" 244
"../../../Engine/Content/EditorMaterials/PreviewShadowIndicator.uasset" 245
"../../../Engine/Content/EditorMaterials/PreviewShadowIndicator.uexp" 246
"../../../Engine/Content/EditorMaterials/PreviewShadowIndicatorMaterial.uasset" 247
"../../../Engine/Content/EditorMaterials/PreviewShadowIndicatorMaterial.uexp" 248
"../../../Engine/Content/EditorMaterials/MAT_Groups_Visibility.uasset" 249
"../../../Engine/Content/EditorMaterials/MAT_Groups_Visibility.uexp" 250
"../../../Engine/Content/EditorMaterials/MAT_Groups_Toggle.uasset" 251
"../../../Engine/Content/EditorMaterials/MAT_Groups_Toggle.uexp" 252
"../../../Engine/Content/Functions/Engine_MaterialFunctions02/Utility/MakeFloat4.uasset" 253
"../../../Engine/Content/Functions/Engine_MaterialFunctions02/Utility/MakeFloat4.uexp" 254
"../../../Engine/Content/Functions/Engine_MaterialFunctions02/Utility/MakeFloat3.uasset" 255
"../../../Engine/Content/Functions/Engine_MaterialFunctions02/Utility/MakeFloat3.uexp" 256
"../../../Engine/Content/Functions/Engine_MaterialFunctions02/Utility/BreakOutFloat3Components.uasset" 257
"../../../Engine/Content/Functions/Engine_MaterialFunctions02/Utility/BreakOutFloat3Components.uexp" 258
"../../../Engine/Content/EditorMaterials/WorldPartition/WorldPartitionSpatialHashGridPreviewMaterial.uasset" 259
"../../../Engine/Content/EditorMaterials/WorldPartition/WorldPartitionSpatialHashGridPreviewMaterial.uexp" 260
"../../../Engine/Content/EditorMaterials/ParticleSystems/PSysThumbnail_OOD.ubulk" 261
"../../../Engine/Content/EditorMaterials/ParticleSystems/PSysThumbnail_OOD.uasset" 262
"../../../Engine/Content/EditorMaterials/ParticleSystems/PSysThumbnail_OOD.uexp" 263
"../../../Engine/Content/EditorMaterials/ParticleSystems/PSysThumbnail_NoImage.ubulk" 264
"../../../Engine/Content/EditorMaterials/ParticleSystems/PSysThumbnail_NoImage.uasset" 265
"../../../Engine/Content/EditorMaterials/ParticleSystems/PSysThumbnail_NoImage.uexp" 266
"../../../Engine/Content/EditorMaterials/MatineeGroups/MAT_Groups_Vector.uasset" 267
"../../../Engine/Content/EditorMaterials/MatineeGroups/MAT_Groups_Vector.uexp" 268
"../../../Engine/Content/EditorMaterials/MatineeGroups/MAT_Groups_Sound.uasset" 269
"../../../Engine/Content/EditorMaterials/MatineeGroups/MAT_Groups_Sound.uexp" 270
"../../../Engine/Content/EditorMaterials/MatineeGroups/MAT_Groups_Slomo.uasset" 271
"../../../Engine/Content/EditorMaterials/MatineeGroups/MAT_Groups_Slomo.uexp" 272
"../../../Engine/Content/EditorMaterials/MatineeGroups/MAT_Groups_Move.uasset" 273
"../../../Engine/Content/EditorMaterials/MatineeGroups/MAT_Groups_Move.uexp" 274
"../../../Engine/Content/EditorMaterials/MatineeGroups/MAT_Groups_Float.uasset" 275
"../../../Engine/Content/EditorMaterials/MatineeGroups/MAT_Groups_Float.uexp" 276
"../../../Engine/Content/EditorMaterials/MatineeGroups/MAT_Groups_Fade.uasset" 277
"../../../Engine/Content/EditorMaterials/MatineeGroups/MAT_Groups_Fade.uexp" 278
"../../../Engine/Content/EditorMaterials/MatineeGroups/MAT_Groups_Event.uasset" 279
"../../../Engine/Content/EditorMaterials/MatineeGroups/MAT_Groups_Event.uexp" 280
"../../../Engine/Content/EditorMaterials/MatineeGroups/MAT_Groups_Director.uasset" 281
"../../../Engine/Content/EditorMaterials/MatineeGroups/MAT_Groups_Director.uexp" 282
"../../../Engine/Content/EditorMaterials/MatineeGroups/MAT_Groups_AudioMaster.uasset" 283
"../../../Engine/Content/EditorMaterials/MatineeGroups/MAT_Groups_AudioMaster.uexp" 284
"../../../Engine/Content/EditorMaterials/MatineeGroups/MAT_Groups_Anim.uasset" 285
"../../../Engine/Content/EditorMaterials/MatineeGroups/MAT_Groups_Anim.uexp" 286
"../../../Engine/Content/EditorMaterials/MatineeGroups/MAT_ColorTrack.uasset" 287
"../../../Engine/Content/EditorMaterials/MatineeGroups/MAT_ColorTrack.uexp" 288
"../../../Engine/Content/EditorLandscapeResources/DefaultAlphaTexture.uasset" 289
"../../../Engine/Content/EditorLandscapeResources/DefaultAlphaTexture.uexp" 290
"../../../Engine/Content/EditorLandscapeResources/DataLayer.uasset" 291
"../../../Engine/Content/EditorLandscapeResources/DataLayer.uexp" 292
"../../../Engine/Content/Tutorial/ContentIntroCurve.uasset" 293
"../../../Engine/Content/Tutorial/ContentIntroCurve.uexp" 294
"../../../Engine/Content/VREditor/TransformGizmo/Main.uasset" 295
"../../../Engine/Content/VREditor/TransformGizmo/Main.uexp" 296
"../../../Engine/Content/VREditor/TransformGizmo/Xray.uasset" 297
"../../../Engine/Content/VREditor/TransformGizmo/Xray.uexp" 298
"../../../Engine/Content/VREditor/TransformGizmo/SM_Sequencer_Node.uasset" 299
"../../../Engine/Content/VREditor/TransformGizmo/SM_Sequencer_Node.uexp" 300
"../../../Engine/Content/VREditor/LaserPointer/VR_LaserPower_01.ubulk" 301
"../../../Engine/Content/VREditor/LaserPointer/VR_LaserPower_01.uasset" 302
"../../../Engine/Content/VREditor/LaserPointer/VR_LaserPower_01.uexp" 303
"../../../Engine/Content/VREditor/TransformGizmo/TransformGizmoMaterial.uasset" 304
"../../../Engine/Content/VREditor/TransformGizmo/TransformGizmoMaterial.uexp" 305
"../../../Engine/Content/VREditor/TransformGizmo/TranslucentTransformGizmoMaterial.uasset" 306
"../../../Engine/Content/VREditor/TransformGizmo/TranslucentTransformGizmoMaterial.uexp" 307
"../../../Engine/Content/VREditor/TransformGizmo/PlaneTranslationHandle.uasset" 308
"../../../Engine/Content/VREditor/TransformGizmo/PlaneTranslationHandle.uexp" 309
"../../../Engine/Content/VREditor/TransformGizmo/BoundingBoxEdge.uasset" 310
"../../../Engine/Content/VREditor/TransformGizmo/BoundingBoxEdge.uexp" 311
"../../../Engine/Content/VREditor/TransformGizmo/BoundingBoxCorner.uasset" 312
"../../../Engine/Content/VREditor/TransformGizmo/BoundingBoxCorner.uexp" 313
"../../../Engine/Plugins/2D/Paper2D/Content/PlaceholderTextures/DummySpriteTexture.ubulk" 314
"../../../Engine/Plugins/2D/Paper2D/Content/PlaceholderTextures/DummySpriteTexture.uasset" 315
"../../../Engine/Plugins/2D/Paper2D/Content/PlaceholderTextures/DummySpriteTexture.uexp" 316
"../../../Engine/Plugins/2D/Paper2D/Content/DefaultSpriteMaterial.uasset" 317
"../../../Engine/Plugins/2D/Paper2D/Content/DefaultSpriteMaterial.uexp" 318
"../../../Engine/Plugins/2D/Paper2D/Content/OpaqueUnlitSpriteMaterial.uasset" 319
"../../../Engine/Plugins/2D/Paper2D/Content/OpaqueUnlitSpriteMaterial.uexp" 320
"../../../Engine/Plugins/2D/Paper2D/Content/MaskedUnlitSpriteMaterial.uasset" 321
"../../../Engine/Plugins/2D/Paper2D/Content/MaskedUnlitSpriteMaterial.uexp" 322
"../../../Engine/Plugins/2D/Paper2D/Content/DummySprite.uasset" 323
"../../../Engine/Plugins/2D/Paper2D/Content/DummySprite.uexp" 324
"../../../Engine/Plugins/2D/Paper2D/Content/DefaultPaperTerrainMaterial.uasset" 325
"../../../Engine/Plugins/2D/Paper2D/Content/DefaultPaperTerrainMaterial.uexp" 326
"../../../Engine/Plugins/Animation/ControlRig/Content/M_Manip.uasset" 327
"../../../Engine/Plugins/Animation/ControlRig/Content/M_Manip.uexp" 328
"../../../Engine/Plugins/Animation/ControlRig/Content/Controls/DefaultGizmoLibraryNormalized.uasset" 329
"../../../Engine/Plugins/Animation/ControlRig/Content/Controls/DefaultGizmoLibraryNormalized.uexp" 330
"../../../Engine/Plugins/Animation/ControlRig/Content/Controls/ControlRig_Wedge_solid.uasset" 331
"../../../Engine/Plugins/Animation/ControlRig/Content/Controls/ControlRig_Wedge_solid.uexp" 332
"../../../Engine/Plugins/Animation/ControlRig/Content/Controls/ControlRig_Wedge_3mm.uasset" 333
"../../../Engine/Plugins/Animation/ControlRig/Content/Controls/ControlRig_Wedge_3mm.uexp" 334
"../../../Engine/Plugins/Animation/ControlRig/Content/Controls/ControlRig_Wedge_1mm.uasset" 335
"../../../Engine/Plugins/Animation/ControlRig/Content/Controls/ControlRig_Wedge_1mm.uexp" 336
"../../../Engine/Plugins/Animation/ControlRig/Content/Controls/ControlRig_Triangle_solid.uasset" 337
"../../../Engine/Plugins/Animation/ControlRig/Content/Controls/ControlRig_Triangle_solid.uexp" 338
"../../../Engine/Plugins/Animation/ControlRig/Content/Controls/ControlRig_Triangle_3mm.uasset" 339
"../../../Engine/Plugins/Animation/ControlRig/Content/Controls/ControlRig_Triangle_3mm.uexp" 340
"../../../Engine/Plugins/Animation/ControlRig/Content/Controls/ControlRig_Triangle_1mm.uasset" 341
"../../../Engine/Plugins/Animation/ControlRig/Content/Controls/ControlRig_Triangle_1mm.uexp" 342
"../../../Engine/Plugins/Animation/ControlRig/Content/Controls/ControlRig_Star4_solid.uasset" 343
"../../../Engine/Plugins/Animation/ControlRig/Content/Controls/ControlRig_Star4_solid.uexp" 344
"../../../Engine/Plugins/Animation/ControlRig/Content/Controls/ControlRig_Star4_3mm.uasset" 345
"../../../Engine/Plugins/Animation/ControlRig/Content/Controls/ControlRig_Star4_3mm.uexp" 346
"../../../Engine/Plugins/Animation/ControlRig/Content/Controls/ControlRig_Star4_1mm.uasset" 347
"../../../Engine/Plugins/Animation/ControlRig/Content/Controls/ControlRig_Star4_1mm.uexp" 348
"../../../Engine/Plugins/Animation/ControlRig/Content/Controls/ControlRig_Square_solid.uasset" 349
"../../../Engine/Plugins/Animation/ControlRig/Content/Controls/ControlRig_Square_solid.uexp" 350
"../../../Engine/Plugins/Animation/ControlRig/Content/Controls/ControlRig_Square_3mm.uasset" 351
"../../../Engine/Plugins/Animation/ControlRig/Content/Controls/ControlRig_Square_3mm.uexp" 352
"../../../Engine/Plugins/Animation/ControlRig/Content/Controls/ControlRig_Square_1mm.uasset" 353
"../../../Engine/Plugins/Animation/ControlRig/Content/Controls/ControlRig_Square_1mm.uexp" 354
"../../../Engine/Plugins/Animation/ControlRig/Content/Controls/ControlRig_Sphere_solid.uasset" 355
"../../../Engine/Plugins/Animation/ControlRig/Content/Controls/ControlRig_Sphere_solid.uexp" 356
"../../../Engine/Plugins/Animation/ControlRig/Content/Controls/ControlRig_Sphere_3mm.uasset" 357
"../../../Engine/Plugins/Animation/ControlRig/Content/Controls/ControlRig_Sphere_3mm.uexp" 358
"../../../Engine/Plugins/Animation/ControlRig/Content/Controls/ControlRig_Sphere_1mm.uasset" 359
"../../../Engine/Plugins/Animation/ControlRig/Content/Controls/ControlRig_Sphere_1mm.uexp" 360
"../../../Engine/Plugins/Animation/ControlRig/Content/Controls/ControlRig_RoundedTriangle_solid.uasset" 361
"../../../Engine/Plugins/Animation/ControlRig/Content/Controls/ControlRig_RoundedTriangle_solid.uexp" 362
"../../../Engine/Plugins/Animation/ControlRig/Content/Controls/ControlRig_RoundedTriangle_3mm.uasset" 363
"../../../Engine/Plugins/Animation/ControlRig/Content/Controls/ControlRig_RoundedTriangle_3mm.uexp" 364
"../../../Engine/Plugins/Animation/ControlRig/Content/Controls/ControlRig_RoundedTriangle_1mm.uasset" 365
"../../../Engine/Plugins/Animation/ControlRig/Content/Controls/ControlRig_RoundedTriangle_1mm.uexp" 366
"../../../Engine/Plugins/Animation/ControlRig/Content/Controls/ControlRig_RoundedSquare_solid.uasset" 367
"../../../Engine/Plugins/Animation/ControlRig/Content/Controls/ControlRig_RoundedSquare_solid.uexp" 368
"../../../Engine/Plugins/Animation/ControlRig/Content/Controls/ControlRig_RoundedSquare_3mm.uasset" 369
"../../../Engine/Plugins/Animation/ControlRig/Content/Controls/ControlRig_RoundedSquare_3mm.uexp" 370
"../../../Engine/Plugins/Animation/ControlRig/Content/Controls/ControlRig_RoundedSquare_1mm.uasset" 371
"../../../Engine/Plugins/Animation/ControlRig/Content/Controls/ControlRig_RoundedSquare_1mm.uexp" 372
"../../../Engine/Plugins/Animation/ControlRig/Content/Controls/ControlRig_QuarterCircle_solid.uasset" 373
"../../../Engine/Plugins/Animation/ControlRig/Content/Controls/ControlRig_QuarterCircle_solid.uexp" 374
"../../../Engine/Plugins/Animation/ControlRig/Content/Controls/ControlRig_QuarterCircle_3mm.uasset" 375
"../../../Engine/Plugins/Animation/ControlRig/Content/Controls/ControlRig_QuarterCircle_3mm.uexp" 376
"../../../Engine/Plugins/Animation/ControlRig/Content/Controls/ControlRig_QuarterCircle_1mm.uasset" 377
"../../../Engine/Plugins/Animation/ControlRig/Content/Controls/ControlRig_QuarterCircle_1mm.uexp" 378
"../../../Engine/Plugins/Animation/ControlRig/Content/Controls/ControlRig_Pyramid_solid.uasset" 379
"../../../Engine/Plugins/Animation/ControlRig/Content/Controls/ControlRig_Pyramid_solid.uexp" 380
"../../../Engine/Plugins/Animation/ControlRig/Content/Controls/ControlRig_Pyramid_3mm.uasset" 381
"../../../Engine/Plugins/Animation/ControlRig/Content/Controls/ControlRig_Pyramid_3mm.uexp" 382
"../../../Engine/Plugins/Animation/ControlRig/Content/Controls/ControlRig_Pyramid_1mm.uasset" 383
"../../../Engine/Plugins/Animation/ControlRig/Content/Controls/ControlRig_Pyramid_1mm.uexp" 384
"../../../Engine/Plugins/Animation/ControlRig/Content/Controls/ControlRig_Octagon_solid.uasset" 385
"../../../Engine/Plugins/Animation/ControlRig/Content/Controls/ControlRig_Octagon_solid.uexp" 386
"../../../Engine/Plugins/Animation/ControlRig/Content/Controls/ControlRig_Octagon_3mm.uasset" 387
"../../../Engine/Plugins/Animation/ControlRig/Content/Controls/ControlRig_Octagon_3mm.uexp" 388
"../../../Engine/Plugins/Animation/ControlRig/Content/Controls/ControlRig_Octagon_1mm.uasset" 389
"../../../Engine/Plugins/Animation/ControlRig/Content/Controls/ControlRig_Octagon_1mm.uexp" 390
"../../../Engine/Plugins/Animation/ControlRig/Content/Controls/ControlRig_Hexagon_solid.uasset" 391
"../../../Engine/Plugins/Animation/ControlRig/Content/Controls/ControlRig_Hexagon_solid.uexp" 392
"../../../Engine/Plugins/Animation/ControlRig/Content/Controls/ControlRig_Hexagon_3mm.uasset" 393
"../../../Engine/Plugins/Animation/ControlRig/Content/Controls/ControlRig_Hexagon_3mm.uexp" 394
"../../../Engine/Plugins/Animation/ControlRig/Content/Controls/ControlRig_Hexagon_1mm.uasset" 395
"../../../Engine/Plugins/Animation/ControlRig/Content/Controls/ControlRig_Hexagon_1mm.uexp" 396
"../../../Engine/Plugins/Animation/ControlRig/Content/Controls/ControlRig_HalfCircle_solid.uasset" 397
"../../../Engine/Plugins/Animation/ControlRig/Content/Controls/ControlRig_HalfCircle_solid.uexp" 398
"../../../Engine/Plugins/Animation/ControlRig/Content/Controls/ControlRig_HalfCircle_3mm.uasset" 399
"../../../Engine/Plugins/Animation/ControlRig/Content/Controls/ControlRig_HalfCircle_3mm.uexp" 400
"../../../Engine/Plugins/Animation/ControlRig/Content/Controls/ControlRig_HalfCircle_1mm.uasset" 401
"../../../Engine/Plugins/Animation/ControlRig/Content/Controls/ControlRig_HalfCircle_1mm.uexp" 402
"../../../Engine/Plugins/Animation/ControlRig/Content/Controls/ControlRig_Diamond_solid.uasset" 403
"../../../Engine/Plugins/Animation/ControlRig/Content/Controls/ControlRig_Diamond_solid.uexp" 404
"../../../Engine/Plugins/Animation/ControlRig/Content/Controls/ControlRig_Diamond_3mm.uasset" 405
"../../../Engine/Plugins/Animation/ControlRig/Content/Controls/ControlRig_Diamond_3mm.uexp" 406
"../../../Engine/Plugins/Animation/ControlRig/Content/Controls/ControlRig_Diamond_1mm.uasset" 407
"../../../Engine/Plugins/Animation/ControlRig/Content/Controls/ControlRig_Diamond_1mm.uexp" 408
"../../../Engine/Plugins/Animation/ControlRig/Content/Controls/ControlRig_Circle_solid.uasset" 409
"../../../Engine/Plugins/Animation/ControlRig/Content/Controls/ControlRig_Circle_solid.uexp" 410
"../../../Engine/Plugins/Animation/ControlRig/Content/Controls/ControlRig_Circle_3mm.uasset" 411
"../../../Engine/Plugins/Animation/ControlRig/Content/Controls/ControlRig_Circle_3mm.uexp" 412
"../../../Engine/Plugins/Animation/ControlRig/Content/Controls/ControlRig_Circle_1mm.uasset" 413
"../../../Engine/Plugins/Animation/ControlRig/Content/Controls/ControlRig_Circle_1mm.uexp" 414
"../../../Engine/Plugins/Animation/ControlRig/Content/Controls/ControlRig_Box_solid.uasset" 415
"../../../Engine/Plugins/Animation/ControlRig/Content/Controls/ControlRig_Box_solid.uexp" 416
"../../../Engine/Plugins/Animation/ControlRig/Content/Controls/ControlRig_Box_3mm.uasset" 417
"../../../Engine/Plugins/Animation/ControlRig/Content/Controls/ControlRig_Box_3mm.uexp" 418
"../../../Engine/Plugins/Animation/ControlRig/Content/Controls/ControlRig_Box_1mm.uasset" 419
"../../../Engine/Plugins/Animation/ControlRig/Content/Controls/ControlRig_Box_1mm.uexp" 420
"../../../Engine/Plugins/Animation/ControlRig/Content/Controls/ControlRig_Arrow_solid.uasset" 421
"../../../Engine/Plugins/Animation/ControlRig/Content/Controls/ControlRig_Arrow_solid.uexp" 422
"../../../Engine/Plugins/Animation/ControlRig/Content/Controls/ControlRig_Arrow_3mm.uasset" 423
"../../../Engine/Plugins/Animation/ControlRig/Content/Controls/ControlRig_Arrow_3mm.uexp" 424
"../../../Engine/Plugins/Animation/ControlRig/Content/Controls/ControlRig_Arrow_1mm.uasset" 425
"../../../Engine/Plugins/Animation/ControlRig/Content/Controls/ControlRig_Arrow_1mm.uexp" 426
"../../../Engine/Plugins/Animation/ControlRig/Content/Controls/ControlRig_Arrow4_solid.uasset" 427
"../../../Engine/Plugins/Animation/ControlRig/Content/Controls/ControlRig_Arrow4_solid.uexp" 428
"../../../Engine/Plugins/Animation/ControlRig/Content/Controls/ControlRig_Arrow4_3mm.uasset" 429
"../../../Engine/Plugins/Animation/ControlRig/Content/Controls/ControlRig_Arrow4_3mm.uexp" 430
"../../../Engine/Plugins/Animation/ControlRig/Content/Controls/ControlRig_Arrow4_1mm.uasset" 431
"../../../Engine/Plugins/Animation/ControlRig/Content/Controls/ControlRig_Arrow4_1mm.uexp" 432
"../../../Engine/Plugins/Animation/ControlRig/Content/Controls/ControlRig_Arrow2_solid.uasset" 433
"../../../Engine/Plugins/Animation/ControlRig/Content/Controls/ControlRig_Arrow2_solid.uexp" 434
"../../../Engine/Plugins/Animation/ControlRig/Content/Controls/ControlRig_Arrow2_3mm.uasset" 435
"../../../Engine/Plugins/Animation/ControlRig/Content/Controls/ControlRig_Arrow2_3mm.uexp" 436
"../../../Engine/Plugins/Animation/ControlRig/Content/Controls/ControlRig_Arrow2_1mm.uasset" 437
"../../../Engine/Plugins/Animation/ControlRig/Content/Controls/ControlRig_Arrow2_1mm.uexp" 438
"../../../Engine/Plugins/Animation/ControlRig/Content/Controls/ControlRigGizmoMaterial.uasset" 439
"../../../Engine/Plugins/Animation/ControlRig/Content/Controls/ControlRigGizmoMaterial.uexp" 440
"../../../Engine/Plugins/Editor/SpeedTreeImporter/Content/SpeedTree9/game_wind_noise.ubulk" 441
"../../../Engine/Plugins/Editor/SpeedTreeImporter/Content/SpeedTree9/game_wind_noise.uasset" 442
"../../../Engine/Plugins/Editor/SpeedTreeImporter/Content/SpeedTree9/game_wind_noise.uexp" 443
"../../../Engine/Plugins/Editor/SpeedTreeImporter/Content/SpeedTree9/UnpackDirection.uasset" 444
"../../../Engine/Plugins/Editor/SpeedTreeImporter/Content/SpeedTree9/UnpackDirection.uexp" 445
"../../../Engine/Content/Functions/Engine_MaterialFunctions02/ObjectLocalBounds.uasset" 446
"../../../Engine/Content/Functions/Engine_MaterialFunctions02/ObjectLocalBounds.uexp" 447
"../../../Engine/Content/Functions/Engine_MaterialFunctions02/UVs/BoundingBoxBased_0-1_UVW.uasset" 448
"../../../Engine/Content/Functions/Engine_MaterialFunctions02/UVs/BoundingBoxBased_0-1_UVW.uexp" 449
"../../../Engine/Content/Functions/Engine_MaterialFunctions02/Utility/VectorLength.uasset" 450
"../../../Engine/Content/Functions/Engine_MaterialFunctions02/Utility/VectorLength.uexp" 451
"../../../Engine/Plugins/Editor/SpeedTreeImporter/Content/SpeedTree9/UnpackInteger3.uasset" 452
"../../../Engine/Plugins/Editor/SpeedTreeImporter/Content/SpeedTree9/UnpackInteger3.uexp" 453
"../../../Engine/Plugins/Editor/SpeedTreeImporter/Content/SpeedTree9/SpeedTreeCameraFacing.uasset" 454
"../../../Engine/Plugins/Editor/SpeedTreeImporter/Content/SpeedTree9/SpeedTreeCameraFacing.uexp" 455
"../../../Engine/Content/Functions/Engine_MaterialFunctions02/WorldPositionOffset/ObjectScale.uasset" 456
"../../../Engine/Content/Functions/Engine_MaterialFunctions02/WorldPositionOffset/ObjectScale.uexp" 457
"../../../Engine/Content/Functions/Engine_MaterialFunctions02/SafeNormalize.uasset" 458
"../../../Engine/Content/Functions/Engine_MaterialFunctions02/SafeNormalize.uexp" 459
"../../../Engine/Plugins/Editor/SpeedTreeImporter/Content/SpeedTree9/SpeedTreeWindMotion.uasset" 460
"../../../Engine/Plugins/Editor/SpeedTreeImporter/Content/SpeedTree9/SpeedTreeWindMotion.uexp" 461
"../../../Engine/Plugins/Editor/SpeedTreeImporter/Content/SpeedTree9/SpeedTreeBranchMotion.uasset" 462
"../../../Engine/Plugins/Editor/SpeedTreeImporter/Content/SpeedTree9/SpeedTreeBranchMotion.uexp" 463
"../../../Engine/Plugins/Editor/SpeedTreeImporter/Content/SpeedTree9/SpeedTreeWind.uasset" 464
"../../../Engine/Plugins/Editor/SpeedTreeImporter/Content/SpeedTree9/SpeedTreeWind.uexp" 465
"../../../Engine/Plugins/Editor/SpeedTreeImporter/Content/SpeedTree9/EmptyNormal.uasset" 466
"../../../Engine/Plugins/Editor/SpeedTreeImporter/Content/SpeedTree9/EmptyNormal.uexp" 467
"../../../Engine/Plugins/Editor/SpeedTreeImporter/Content/SpeedTree9/Empty.uasset" 468
"../../../Engine/Plugins/Editor/SpeedTreeImporter/Content/SpeedTree9/Empty.uexp" 469
"../../../Engine/Plugins/Editor/SpeedTreeImporter/Content/SpeedTree9/SpeedTreeMaster.uasset" 470
"../../../Engine/Plugins/Editor/SpeedTreeImporter/Content/SpeedTree9/SpeedTreeMaster.uexp" 471
"../../../Engine/Plugins/Editor/SpeedTreeImporter/Content/SpeedTree9/SpeedTreeBillboard.uasset" 472
"../../../Engine/Plugins/Editor/SpeedTreeImporter/Content/SpeedTree9/SpeedTreeBillboard.uexp" 473
"../../../Engine/Plugins/Editor/SpeedTreeImporter/Content/SpeedTree9/SpeedTreeBillboardMaster.uasset" 474
"../../../Engine/Plugins/Editor/SpeedTreeImporter/Content/SpeedTree9/SpeedTreeBillboardMaster.uexp" 475
"../../../Engine/Content/EngineResources/Black.uasset" 476
"../../../Engine/Content/EngineResources/Black.uexp" 477
"../../../Engine/Plugins/Runtime/OpenXR/Content/Devices/M_XRController.uasset" 478
"../../../Engine/Plugins/Runtime/OpenXR/Content/Devices/M_XRController.uexp" 479
"../../../Engine/Plugins/Runtime/OpenXR/Content/Devices/HTCVive/BaseTexture.ubulk" 480
"../../../Engine/Plugins/Runtime/OpenXR/Content/Devices/HTCVive/BaseTexture.uasset" 481
"../../../Engine/Plugins/Runtime/OpenXR/Content/Devices/HTCVive/BaseTexture.uexp" 482
"../../../Engine/Plugins/Runtime/OpenXR/Content/Devices/HTCVive/MI_HTCVive.uasset" 483
"../../../Engine/Plugins/Runtime/OpenXR/Content/Devices/HTCVive/MI_HTCVive.uexp" 484
"../../../Engine/Plugins/Runtime/OpenXR/Content/Devices/HTCVive/HTCViveController.uasset" 485
"../../../Engine/Plugins/Runtime/OpenXR/Content/Devices/HTCVive/HTCViveController.uexp" 486
"../../../Engine/Plugins/Runtime/Oculus/OculusVR/Content/Textures/TouchForQuestRiftSController_albedo.ubulk" 487
"../../../Engine/Plugins/Runtime/Oculus/OculusVR/Content/Textures/TouchForQuestRiftSController_albedo.uasset" 488
"../../../Engine/Plugins/Runtime/Oculus/OculusVR/Content/Textures/TouchForQuestRiftSController_albedo.uexp" 489
"../../../Engine/Plugins/Runtime/Oculus/OculusVR/Content/Materials/TouchForQuestRiftSControllerMaterial.uasset" 490
"../../../Engine/Plugins/Runtime/Oculus/OculusVR/Content/Materials/TouchForQuestRiftSControllerMaterial.uexp" 491
"../../../Engine/Plugins/Runtime/Oculus/OculusVR/Content/Meshes/RightTouchForQuestRiftSController.uasset" 492
"../../../Engine/Plugins/Runtime/Oculus/OculusVR/Content/Meshes/RightTouchForQuestRiftSController.uexp" 493
"../../../Engine/Plugins/Runtime/Oculus/OculusVR/Content/Textures/touchController_albedo.ubulk" 494
"../../../Engine/Plugins/Runtime/Oculus/OculusVR/Content/Textures/touchController_albedo.uasset" 495
"../../../Engine/Plugins/Runtime/Oculus/OculusVR/Content/Textures/touchController_albedo.uexp" 496
"../../../Engine/Plugins/Runtime/Oculus/OculusVR/Content/Textures/touchController_controlmap.ubulk" 497
"../../../Engine/Plugins/Runtime/Oculus/OculusVR/Content/Textures/touchController_controlmap.uasset" 498
"../../../Engine/Plugins/Runtime/Oculus/OculusVR/Content/Textures/touchController_controlmap.uexp" 499
"../../../Engine/Plugins/Runtime/Oculus/OculusVR/Content/Materials/touchController_mat.uasset" 500
"../../../Engine/Plugins/Runtime/Oculus/OculusVR/Content/Materials/touchController_mat.uexp" 501
"../../../Engine/Plugins/Runtime/Oculus/OculusVR/Content/Meshes/RightTouchController.uasset" 502
"../../../Engine/Plugins/Runtime/Oculus/OculusVR/Content/Meshes/RightTouchController.uexp" 503
"../../../Engine/Plugins/Runtime/Oculus/OculusVR/Content/Meshes/RiftHMD.uasset" 504
"../../../Engine/Plugins/Runtime/Oculus/OculusVR/Content/Meshes/RiftHMD.uexp" 505
"../../../Engine/Plugins/Runtime/Oculus/OculusVR/Content/Meshes/LeftTouchForQuestRiftSController.uasset" 506
"../../../Engine/Plugins/Runtime/Oculus/OculusVR/Content/Meshes/LeftTouchForQuestRiftSController.uexp" 507
"../../../Engine/Plugins/Runtime/Oculus/OculusVR/Content/Meshes/LeftTouchController.uasset" 508
"../../../Engine/Plugins/Runtime/Oculus/OculusVR/Content/Meshes/LeftTouchController.uexp" 509
"../../../Engine/Plugins/Runtime/OpenXR/Content/Devices/OculusTouch_v3/MRTexture.ubulk" 510
"../../../Engine/Plugins/Runtime/OpenXR/Content/Devices/OculusTouch_v3/MRTexture.uasset" 511
"../../../Engine/Plugins/Runtime/OpenXR/Content/Devices/OculusTouch_v3/MRTexture.uexp" 512
"../../../Engine/Plugins/Runtime/OpenXR/Content/Devices/OculusTouch_v3/BaseTexture.ubulk" 513
"../../../Engine/Plugins/Runtime/OpenXR/Content/Devices/OculusTouch_v3/BaseTexture.uasset" 514
"../../../Engine/Plugins/Runtime/OpenXR/Content/Devices/OculusTouch_v3/BaseTexture.uexp" 515
"../../../Engine/Plugins/Runtime/OpenXR/Content/Devices/OculusTouch_v3/MI_OculusTouch_v3.uasset" 516
"../../../Engine/Plugins/Runtime/OpenXR/Content/Devices/OculusTouch_v3/MI_OculusTouch_v3.uexp" 517
"../../../Engine/Plugins/Runtime/OpenXR/Content/Devices/OculusTouch_v3/Right/right_OculusTouch_v3Controller.uasset" 518
"../../../Engine/Plugins/Runtime/OpenXR/Content/Devices/OculusTouch_v3/Right/right_OculusTouch_v3Controller.uexp" 519
"../../../Engine/Plugins/Runtime/OpenXR/Content/Devices/OculusTouch_v3/Left/left_OculusTouch_v3Controller.uasset" 520
"../../../Engine/Plugins/Runtime/OpenXR/Content/Devices/OculusTouch_v3/Left/left_OculusTouch_v3Controller.uexp" 521
"../../../Engine/Plugins/Runtime/OpenXR/Content/Devices/OculusTouch/BaseTexture.ubulk" 522
"../../../Engine/Plugins/Runtime/OpenXR/Content/Devices/OculusTouch/BaseTexture.uasset" 523
"../../../Engine/Plugins/Runtime/OpenXR/Content/Devices/OculusTouch/BaseTexture.uexp" 524
"../../../Engine/Plugins/Runtime/OpenXR/Content/Devices/OculusTouch/MRTexture.ubulk" 525
"../../../Engine/Plugins/Runtime/OpenXR/Content/Devices/OculusTouch/MRTexture.uasset" 526
"../../../Engine/Plugins/Runtime/OpenXR/Content/Devices/OculusTouch/MRTexture.uexp" 527
"../../../Engine/Plugins/Runtime/OpenXR/Content/Devices/OculusTouch/MI_OculusTouch.uasset" 528
"../../../Engine/Plugins/Runtime/OpenXR/Content/Devices/OculusTouch/MI_OculusTouch.uexp" 529
"../../../Engine/Plugins/Runtime/OpenXR/Content/Devices/OculusTouch/Right/right_OculusTouchController.uasset" 530
"../../../Engine/Plugins/Runtime/OpenXR/Content/Devices/OculusTouch/Right/right_OculusTouchController.uexp" 531
"../../../Engine/Plugins/Runtime/OpenXR/Content/Devices/OculusTouch/Left/left_OculusTouchController.uasset" 532
"../../../Engine/Plugins/Runtime/OpenXR/Content/Devices/OculusTouch/Left/left_OculusTouchController.uexp" 533
"../../../Engine/Plugins/Runtime/OpenXR/Content/Devices/OculusGo/BaseTexture.ubulk" 534
"../../../Engine/Plugins/Runtime/OpenXR/Content/Devices/OculusGo/BaseTexture.uasset" 535
"../../../Engine/Plugins/Runtime/OpenXR/Content/Devices/OculusGo/BaseTexture.uexp" 536
"../../../Engine/Plugins/Runtime/OpenXR/Content/Devices/OculusGo/MI_OculusGo.uasset" 537
"../../../Engine/Plugins/Runtime/OpenXR/Content/Devices/OculusGo/MI_OculusGo.uexp" 538
"../../../Engine/Plugins/Runtime/OpenXR/Content/Devices/OculusGo/OculusGoController.uasset" 539
"../../../Engine/Plugins/Runtime/OpenXR/Content/Devices/OculusGo/OculusGoController.uexp" 540
"../../../Engine/Plugins/Runtime/OpenXR/Content/Devices/MicrosoftMixedReality/NormalTexture.ubulk" 541
"../../../Engine/Plugins/Runtime/OpenXR/Content/Devices/MicrosoftMixedReality/NormalTexture.uasset" 542
"../../../Engine/Plugins/Runtime/OpenXR/Content/Devices/MicrosoftMixedReality/NormalTexture.uexp" 543
"../../../Engine/Plugins/Runtime/OpenXR/Content/Devices/MicrosoftMixedReality/EmissiveTexture.ubulk" 544
"../../../Engine/Plugins/Runtime/OpenXR/Content/Devices/MicrosoftMixedReality/EmissiveTexture.uasset" 545
"../../../Engine/Plugins/Runtime/OpenXR/Content/Devices/MicrosoftMixedReality/EmissiveTexture.uexp" 546
"../../../Engine/Plugins/Runtime/OpenXR/Content/Devices/MicrosoftMixedReality/BaseTexture.ubulk" 547
"../../../Engine/Plugins/Runtime/OpenXR/Content/Devices/MicrosoftMixedReality/BaseTexture.uasset" 548
"../../../Engine/Plugins/Runtime/OpenXR/Content/Devices/MicrosoftMixedReality/BaseTexture.uexp" 549
"../../../Engine/Plugins/Runtime/OpenXR/Content/Devices/MicrosoftMixedReality/MRTexture.ubulk" 550
"../../../Engine/Plugins/Runtime/OpenXR/Content/Devices/MicrosoftMixedReality/MRTexture.uasset" 551
"../../../Engine/Plugins/Runtime/OpenXR/Content/Devices/MicrosoftMixedReality/MRTexture.uexp" 552
"../../../Engine/Plugins/Runtime/OpenXR/Content/Devices/MicrosoftMixedReality/MI_MicrosoftMixedReality.uasset" 553
"../../../Engine/Plugins/Runtime/OpenXR/Content/Devices/MicrosoftMixedReality/MI_MicrosoftMixedReality.uexp" 554
"../../../Engine/Plugins/Runtime/OpenXR/Content/Devices/MicrosoftMixedReality/Right/right_MicrosoftMixedRealityController.uasset" 555
"../../../Engine/Plugins/Runtime/OpenXR/Content/Devices/MicrosoftMixedReality/Right/right_MicrosoftMixedRealityController.uexp" 556
"../../../Engine/Plugins/Runtime/OpenXR/Content/Devices/MicrosoftMixedReality/Left/left_MicrosoftMixedRealityController.uasset" 557
"../../../Engine/Plugins/Runtime/OpenXR/Content/Devices/MicrosoftMixedReality/Left/left_MicrosoftMixedRealityController.uexp" 558
"../../../Engine/Plugins/Runtime/Oculus/OculusVR/Content/Materials/PokeAHoleMaterial.uasset" 559
"../../../Engine/Plugins/Runtime/Oculus/OculusVR/Content/Materials/PokeAHoleMaterial.uexp" 560
"../../../Engine/Plugins/Runtime/Oculus/OculusVR/Content/Materials/OculusMR_OpaqueColoredMaterial.uasset" 561
"../../../Engine/Plugins/Runtime/Oculus/OculusVR/Content/Materials/OculusMR_OpaqueColoredMaterial.uexp" 562
"../../../Engine/Content/Functions/Engine_MaterialFunctions02/Utility/BreakOutFloat4Components.uasset" 563
"../../../Engine/Content/Functions/Engine_MaterialFunctions02/Utility/BreakOutFloat4Components.uexp" 564
"../../../Engine/Plugins/Runtime/Oculus/OculusVR/Content/Materials/OculusMR_ChromaKey.uasset" 565
"../../../Engine/Plugins/Runtime/Oculus/OculusVR/Content/Materials/OculusMR_ChromaKey.uexp" 566
"../../../Engine/Plugins/Runtime/HairStrands/Content/Materials/HairMeshesDefaultMaterial.uasset" 567
"../../../Engine/Plugins/Runtime/HairStrands/Content/Materials/HairMeshesDefaultMaterial.uexp" 568
"../../../Engine/Plugins/Runtime/OpenXR/Content/Devices/ValveIndex/MRTexture.ubulk" 569
"../../../Engine/Plugins/Runtime/OpenXR/Content/Devices/ValveIndex/MRTexture.uasset" 570
"../../../Engine/Plugins/Runtime/OpenXR/Content/Devices/ValveIndex/MRTexture.uexp" 571
"../../../Engine/Plugins/Runtime/OpenXR/Content/Devices/ValveIndex/BaseTexture.ubulk" 572
"../../../Engine/Plugins/Runtime/OpenXR/Content/Devices/ValveIndex/BaseTexture.uasset" 573
"../../../Engine/Plugins/Runtime/OpenXR/Content/Devices/ValveIndex/BaseTexture.uexp" 574
"../../../Engine/Plugins/Runtime/OpenXR/Content/Devices/ValveIndex/Right/MI_right_ValveIndex.uasset" 575
"../../../Engine/Plugins/Runtime/OpenXR/Content/Devices/ValveIndex/Right/MI_right_ValveIndex.uexp" 576
"../../../Engine/Plugins/Runtime/OpenXR/Content/Devices/ValveIndex/Right/right_ValveIndexController.uasset" 577
"../../../Engine/Plugins/Runtime/OpenXR/Content/Devices/ValveIndex/Right/right_ValveIndexController.uexp" 578
"../../../Engine/Plugins/Runtime/OpenXR/Content/Devices/ValveIndex/Left/MI_left_ValveIndex.uasset" 579
"../../../Engine/Plugins/Runtime/OpenXR/Content/Devices/ValveIndex/Left/MI_left_ValveIndex.uexp" 580
"../../../Engine/Plugins/Runtime/OpenXR/Content/Devices/ValveIndex/Left/left_ValveIndexController.uasset" 581
"../../../Engine/Plugins/Runtime/OpenXR/Content/Devices/ValveIndex/Left/left_ValveIndexController.uexp" 582
"../../../Engine/Plugins/Runtime/HairStrands/Content/Materials/HairDefaultMaterial.uasset" 583
"../../../Engine/Plugins/Runtime/HairStrands/Content/Materials/HairDefaultMaterial.uexp" 584
"../../../Engine/Plugins/Runtime/HairStrands/Content/Materials/HairGroupColors.uasset" 585
"../../../Engine/Plugins/Runtime/HairStrands/Content/Materials/HairGroupColors.uexp" 586
"../../../Engine/Content/EngineMaterials/HairColorMap.uasset" 587
"../../../Engine/Content/EngineMaterials/HairColorMap.uexp" 588
"../../../Engine/Content/EngineMaterials/HairDebugColor.uasset" 589
"../../../Engine/Content/EngineMaterials/HairDebugColor.uexp" 590
"../../../Engine/Plugins/Runtime/HairStrands/Content/Materials/HairDebugMaterial.uasset" 591
"../../../Engine/Plugins/Runtime/HairStrands/Content/Materials/HairDebugMaterial.uexp" 592
"../../../Engine/Plugins/Runtime/HairStrands/Content/Materials/HairCardsDefaultMaterial.uasset" 593
"../../../Engine/Plugins/Runtime/HairStrands/Content/Materials/HairCardsDefaultMaterial.uexp" 594
"../../../Engine/Content/Maps/Entry_BuiltData.uasset" 595
"../../../Engine/Content/Maps/Entry_BuiltData.uexp" 596
"../../../Engine/Content/Maps/Entry.uexp" 597
"../../../Engine/Content/Maps/Entry.umap" 598
"D:/OsborneE_LeeA/HW2/Chess_shooter/Content/VRTemplate/Textures/T_Grid.ubulk" 599
"D:/OsborneE_LeeA/HW2/Chess_shooter/Content/VRTemplate/Textures/T_Grid.uasset" 600
"D:/OsborneE_LeeA/HW2/Chess_shooter/Content/VRTemplate/Textures/T_Grid.uexp" 601
"../../../Engine/Content/Functions/Engine_MaterialFunctions02/Utility/AppendMany.uasset" 602
"../../../Engine/Content/Functions/Engine_MaterialFunctions02/Utility/AppendMany.uexp" 603
"../../../Engine/Content/Functions/Engine_MaterialFunctions01/Gradient/LinearGradient.uasset" 604
"../../../Engine/Content/Functions/Engine_MaterialFunctions01/Gradient/LinearGradient.uexp" 605
"../../../Engine/Content/Functions/Engine_MaterialFunctions01/ImageAdjustment/CheapContrast.uasset" 606
"../../../Engine/Content/Functions/Engine_MaterialFunctions01/ImageAdjustment/CheapContrast.uexp" 607
"../../../Engine/Content/Functions/Engine_MaterialFunctions01/Texturing/WorldAlignedTexture.uasset" 608
"../../../Engine/Content/Functions/Engine_MaterialFunctions01/Texturing/WorldAlignedTexture.uexp" 609
"D:/OsborneE_LeeA/HW2/Chess_shooter/Content/VRTemplate/Materials/M_GridRotation.uasset" 610
"D:/OsborneE_LeeA/HW2/Chess_shooter/Content/VRTemplate/Materials/M_GridRotation.uexp" 611
"D:/OsborneE_LeeA/HW2/Chess_shooter/Content/VRTemplate/Materials/MI_Grid_Accent.uasset" 612
"D:/OsborneE_LeeA/HW2/Chess_shooter/Content/VRTemplate/Materials/MI_Grid_Accent.uexp" 613
"D:/OsborneE_LeeA/HW2/Chess_shooter/Content/VRTemplate/Blueprints/VRInteractionBPI.uasset" 614
"D:/OsborneE_LeeA/HW2/Chess_shooter/Content/VRTemplate/Blueprints/VRInteractionBPI.uexp" 615
"D:/OsborneE_LeeA/HW2/Chess_shooter/Content/VRTemplate/Haptics/GrabHapticEffect.uasset" 616
"D:/OsborneE_LeeA/HW2/Chess_shooter/Content/VRTemplate/Haptics/GrabHapticEffect.uexp" 617
"D:/OsborneE_LeeA/HW2/Chess_shooter/Content/VRTemplate/Blueprints/GrabType.uasset" 618
"D:/OsborneE_LeeA/HW2/Chess_shooter/Content/VRTemplate/Blueprints/GrabType.uexp" 619
"D:/OsborneE_LeeA/HW2/Chess_shooter/Content/VRTemplate/Blueprints/GrabComponent.uasset" 620
"D:/OsborneE_LeeA/HW2/Chess_shooter/Content/VRTemplate/Blueprints/GrabComponent.uexp" 621
"../../../Engine/Content/EngineSky/C_Sky_Horizon_Color.uasset" 622
"../../../Engine/Content/EngineSky/C_Sky_Horizon_Color.uexp" 623
"../../../Engine/Content/EngineSky/T_Sky_Stars.ubulk" 624
"../../../Engine/Content/EngineSky/T_Sky_Stars.uasset" 625
"../../../Engine/Content/EngineSky/T_Sky_Stars.uexp" 626
"../../../Engine/Content/EngineSky/T_Sky_Clouds_M.ubulk" 627
"../../../Engine/Content/EngineSky/T_Sky_Clouds_M.uasset" 628
"../../../Engine/Content/EngineSky/T_Sky_Clouds_M.uexp" 629
"../../../Engine/Content/EngineSky/T_Sky_Blue.ubulk" 630
"../../../Engine/Content/EngineSky/T_Sky_Blue.uasset" 631
"../../../Engine/Content/EngineSky/T_Sky_Blue.uexp" 632
"../../../Engine/Content/EngineSky/M_Sky_Panning_Clouds2.uasset" 633
"../../../Engine/Content/EngineSky/M_Sky_Panning_Clouds2.uexp" 634
"../../../Engine/Content/EngineSky/SM_SkySphere.uasset" 635
"../../../Engine/Content/EngineSky/SM_SkySphere.uexp" 636
"../../../Engine/Content/EngineSky/C_Sky_Cloud_Color.uasset" 637
"../../../Engine/Content/EngineSky/C_Sky_Cloud_Color.uexp" 638
"../../../Engine/Content/EngineSky/C_Sky_Zenith_Color.uasset" 639
"../../../Engine/Content/EngineSky/C_Sky_Zenith_Color.uexp" 640
"../../../Engine/Content/EditorBlueprintResources/StandardMacros.uasset" 641
"../../../Engine/Content/EditorBlueprintResources/StandardMacros.uexp" 642
"../../../Engine/Content/EngineSky/BP_Sky_Sphere.uasset" 643
"../../../Engine/Content/EngineSky/BP_Sky_Sphere.uexp" 644
"D:/OsborneE_LeeA/HW2/Chess_shooter/Content/VRTemplate/Materials/MI_Grid_Default.uasset" 645
"D:/OsborneE_LeeA/HW2/Chess_shooter/Content/VRTemplate/Materials/MI_Grid_Default.uexp" 646
"../../../Engine/Content/VREditor/BasicMeshes/T_CleanFloorGrunge_01_D.ubulk" 647
"../../../Engine/Content/VREditor/BasicMeshes/T_CleanFloorGrunge_01_D.uasset" 648
"../../../Engine/Content/VREditor/BasicMeshes/T_CleanFloorGrunge_01_D.uexp" 649
"../../../Engine/Content/VREditor/BasicMeshes/M_Floor_01.uasset" 650
"../../../Engine/Content/VREditor/BasicMeshes/M_Floor_01.uexp" 651
"../../../Engine/Content/VREditor/BasicMeshes/MI_Cube_01.uasset" 652
"../../../Engine/Content/VREditor/BasicMeshes/MI_Cube_01.uexp" 653
"../../../Engine/Content/VREditor/BasicMeshes/SM_Cube_01.uasset" 654
"../../../Engine/Content/VREditor/BasicMeshes/SM_Cube_01.uexp" 655
"D:/OsborneE_LeeA/HW2/Chess_shooter/Content/VRTemplate/Blueprints/Grabbable_SmallCube.uasset" 656
"D:/OsborneE_LeeA/HW2/Chess_shooter/Content/VRTemplate/Blueprints/Grabbable_SmallCube.uexp" 657
"D:/OsborneE_LeeA/HW2/Chess_shooter/Content/LevelPrototyping/Textures/T_GridChecker_A.ubulk" 658
"D:/OsborneE_LeeA/HW2/Chess_shooter/Content/LevelPrototyping/Textures/T_GridChecker_A.uasset" 659
"D:/OsborneE_LeeA/HW2/Chess_shooter/Content/LevelPrototyping/Textures/T_GridChecker_A.uexp" 660
"D:/OsborneE_LeeA/HW2/Chess_shooter/Content/LevelPrototyping/Materials/MF_ProcGrid.uasset" 661
"D:/OsborneE_LeeA/HW2/Chess_shooter/Content/LevelPrototyping/Materials/MF_ProcGrid.uexp" 662
"D:/OsborneE_LeeA/HW2/Chess_shooter/Content/LevelPrototyping/Materials/M_PrototypeGrid.uasset" 663
"D:/OsborneE_LeeA/HW2/Chess_shooter/Content/LevelPrototyping/Materials/M_PrototypeGrid.uexp" 664
"D:/OsborneE_LeeA/HW2/Chess_shooter/Content/LevelPrototyping/Materials/MI_PrototypeGrid_Gray.uasset" 665
"D:/OsborneE_LeeA/HW2/Chess_shooter/Content/LevelPrototyping/Materials/MI_PrototypeGrid_Gray.uexp" 666
"D:/OsborneE_LeeA/HW2/Chess_shooter/Content/LevelPrototyping/Meshes/SM_Cube.uasset" 667
"D:/OsborneE_LeeA/HW2/Chess_shooter/Content/LevelPrototyping/Meshes/SM_Cube.uexp" 668
"D:/OsborneE_LeeA/HW2/Chess_shooter/Content/LevelPrototyping/Materials/M_Solid.uasset" 669
"D:/OsborneE_LeeA/HW2/Chess_shooter/Content/LevelPrototyping/Materials/M_Solid.uexp" 670
"D:/OsborneE_LeeA/HW2/Chess_shooter/Content/LevelPrototyping/Materials/MI_Solid_Blue.uasset" 671
"D:/OsborneE_LeeA/HW2/Chess_shooter/Content/LevelPrototyping/Materials/MI_Solid_Blue.uexp" 672
"D:/OsborneE_LeeA/HW2/Chess_shooter/Content/LevelPrototyping/Meshes/SM_ChamferCube.uasset" 673
"D:/OsborneE_LeeA/HW2/Chess_shooter/Content/LevelPrototyping/Meshes/SM_ChamferCube.uexp" 674
"../../../Engine/Plugins/Runtime/OpenXR/Content/Devices/OculusTouch_v2/BaseTexture.ubulk" 675
"../../../Engine/Plugins/Runtime/OpenXR/Content/Devices/OculusTouch_v2/BaseTexture.uasset" 676
"../../../Engine/Plugins/Runtime/OpenXR/Content/Devices/OculusTouch_v2/BaseTexture.uexp" 677
"../../../Engine/Plugins/Runtime/OpenXR/Content/Devices/OculusTouch_v2/MRTexture.ubulk" 678
"../../../Engine/Plugins/Runtime/OpenXR/Content/Devices/OculusTouch_v2/MRTexture.uasset" 679
"../../../Engine/Plugins/Runtime/OpenXR/Content/Devices/OculusTouch_v2/MRTexture.uexp" 680
"../../../Engine/Plugins/Runtime/OpenXR/Content/Devices/OculusTouch_v2/MI_OculusTouch_v2.uasset" 681
"../../../Engine/Plugins/Runtime/OpenXR/Content/Devices/OculusTouch_v2/MI_OculusTouch_v2.uexp" 682
"../../../Engine/Plugins/Runtime/OpenXR/Content/Devices/OculusTouch_v2/Right/right_OculusTouch_v2Controller.uasset" 683
"../../../Engine/Plugins/Runtime/OpenXR/Content/Devices/OculusTouch_v2/Right/right_OculusTouch_v2Controller.uexp" 684
"../../../Engine/Plugins/Runtime/OpenXR/Content/Devices/OculusTouch_v2/Left/left_OculusTouch_v2Controller.uasset" 685
"../../../Engine/Plugins/Runtime/OpenXR/Content/Devices/OculusTouch_v2/Left/left_OculusTouch_v2Controller.uexp" 686
"../../../Engine/Plugins/FX/Niagara/Content/Enums/ENiagara_MassInitializationMode.uasset" 687
"../../../Engine/Plugins/FX/Niagara/Content/Enums/ENiagara_MassInitializationMode.uexp" 688
"../../../Engine/Plugins/FX/Niagara/Content/Enums/ENiagaraRandomnessMode.uasset" 689
"../../../Engine/Plugins/FX/Niagara/Content/Enums/ENiagaraRandomnessMode.uexp" 690
"../../../Engine/Plugins/FX/Niagara/Content/Enums/ENiagaraRandomnessEvaluation.uasset" 691
"../../../Engine/Plugins/FX/Niagara/Content/Enums/ENiagaraRandomnessEvaluation.uexp" 692
"../../../Engine/Plugins/FX/Niagara/Content/Functions/V2/CalculateRandomRangeInteger.uasset" 693
"../../../Engine/Plugins/FX/Niagara/Content/Functions/V2/CalculateRandomRangeInteger.uexp" 694
"../../../Engine/Plugins/FX/Niagara/Content/Enums/ENiagaraArraySamplingMode.uasset" 695
"../../../Engine/Plugins/FX/Niagara/Content/Enums/ENiagaraArraySamplingMode.uexp" 696
"../../../Engine/Plugins/FX/Niagara/Content/Enums/ENiagara_WrapClamp.uasset" 697
"../../../Engine/Plugins/FX/Niagara/Content/Enums/ENiagara_WrapClamp.uexp" 698
"../../../Engine/Plugins/FX/Niagara/Content/DynamicInputs/Arrays/SelectVectorFromArray.uasset" 699
"../../../Engine/Plugins/FX/Niagara/Content/DynamicInputs/Arrays/SelectVectorFromArray.uexp" 700
"../../../Engine/Plugins/FX/Niagara/Content/Enums/ENiagara_PositionInitializationMode.uasset" 701
"../../../Engine/Plugins/FX/Niagara/Content/Enums/ENiagara_PositionInitializationMode.uexp" 702
"../../../Engine/Plugins/FX/Niagara/Content/DynamicInputs/Multiply/Multiply_VectorByFloat.uasset" 703
"../../../Engine/Plugins/FX/Niagara/Content/DynamicInputs/Multiply/Multiply_VectorByFloat.uexp" 704
"../../../Engine/Plugins/FX/Niagara/Content/DynamicInputs/Execution/ReturnExecIndex.uasset" 705
"../../../Engine/Plugins/FX/Niagara/Content/DynamicInputs/Execution/ReturnExecIndex.uexp" 706
"../../../Engine/Plugins/FX/Niagara/Content/Functions/NormalizedExecutionIndex.uasset" 707
"../../../Engine/Plugins/FX/Niagara/Content/Functions/NormalizedExecutionIndex.uexp" 708
"../../../Engine/Plugins/FX/Niagara/Content/DynamicInputs/Execution/ReturnNormalizedExecIndex.uasset" 709
"../../../Engine/Plugins/FX/Niagara/Content/DynamicInputs/Execution/ReturnNormalizedExecIndex.uexp" 710
"../../../Engine/Plugins/FX/Niagara/Content/Enums/ENiagara_LifetimeMode.uasset" 711
"../../../Engine/Plugins/FX/Niagara/Content/Enums/ENiagara_LifetimeMode.uexp" 712
"../../../Engine/Plugins/FX/Niagara/Content/Enums/ENiagaraEmitterLifeCycleMode.uasset" 713
"../../../Engine/Plugins/FX/Niagara/Content/Enums/ENiagaraEmitterLifeCycleMode.uexp" 714
"../../../Engine/Plugins/FX/Niagara/Content/Functions/Emitter/EmitterChangeState.uasset" 715
"../../../Engine/Plugins/FX/Niagara/Content/Functions/Emitter/EmitterChangeState.uexp" 716
"../../../Engine/Plugins/FX/Niagara/Content/Enums/ENiagara_InfiniteLoopDuration.uasset" 717
"../../../Engine/Plugins/FX/Niagara/Content/Enums/ENiagara_InfiniteLoopDuration.uexp" 718
"../../../Engine/Plugins/FX/Niagara/Content/Enums/ENiagara_EmitterStateOptions.uasset" 719
"../../../Engine/Plugins/FX/Niagara/Content/Enums/ENiagara_EmitterStateOptions.uexp" 720
"../../../Engine/Plugins/FX/Niagara/Content/Enums/ENiagaraInactiveMode.uasset" 721
"../../../Engine/Plugins/FX/Niagara/Content/Enums/ENiagaraInactiveMode.uexp" 722
"../../../Engine/Plugins/FX/Niagara/Content/Enums/ENiagaraExecutionStateManagement.uasset" 723
"../../../Engine/Plugins/FX/Niagara/Content/Enums/ENiagaraExecutionStateManagement.uexp" 724
"../../../Engine/Plugins/FX/Niagara/Content/Enums/ENiagaraEmitterScalabilityMode_Limited.uasset" 725
"../../../Engine/Plugins/FX/Niagara/Content/Enums/ENiagaraEmitterScalabilityMode_Limited.uexp" 726
"../../../Engine/Plugins/FX/Niagara/Content/Modules/Emitter/EmitterState.uasset" 727
"../../../Engine/Plugins/FX/Niagara/Content/Modules/Emitter/EmitterState.uexp" 728
"../../../Engine/Plugins/FX/Niagara/Content/Functions/V2/CalculateRandomRangeFloat.uasset" 729
"../../../Engine/Plugins/FX/Niagara/Content/Functions/V2/CalculateRandomRangeFloat.uexp" 730
"../../../Engine/Plugins/FX/Niagara/Content/Modules/Emitter/SpawnBurst_Instantaneous.uasset" 731
"../../../Engine/Plugins/FX/Niagara/Content/Modules/Emitter/SpawnBurst_Instantaneous.uexp" 732
"../../../Engine/Plugins/FX/Niagara/Content/DynamicInputs/Multiply/Multiply_Vector.uasset" 733
"../../../Engine/Plugins/FX/Niagara/Content/DynamicInputs/Multiply/Multiply_Vector.uexp" 734
"../../../Engine/Plugins/FX/Niagara/Content/Functions/GetRandomInfo.uasset" 735
"../../../Engine/Plugins/FX/Niagara/Content/Functions/GetRandomInfo.uexp" 736
"../../../Engine/Plugins/FX/Niagara/Content/Functions/RandomRangeFloat.uasset" 737
"../../../Engine/Plugins/FX/Niagara/Content/Functions/RandomRangeFloat.uexp" 738
"../../../Engine/Plugins/FX/Niagara/Content/Functions/Localspace/SimulationPosition.uasset" 739
"../../../Engine/Plugins/FX/Niagara/Content/Functions/Localspace/SimulationPosition.uexp" 740
"../../../Engine/Plugins/FX/Niagara/Content/Functions/Localspace/TransformBase.uasset" 741
"../../../Engine/Plugins/FX/Niagara/Content/Functions/Localspace/TransformBase.uexp" 742
"../../../Engine/Plugins/FX/Niagara/Content/Functions/Localspace/TransformVector.uasset" 743
"../../../Engine/Plugins/FX/Niagara/Content/Functions/Localspace/TransformVector.uexp" 744
"../../../Engine/Plugins/FX/Niagara/Content/Functions/V2/CalculateRandomRange.uasset" 745
"../../../Engine/Plugins/FX/Niagara/Content/Functions/V2/CalculateRandomRange.uexp" 746
"../../../Engine/Plugins/FX/Niagara/Content/Enums/Ribbons/ENiagara_UnsetDirectSet.uasset" 747
"../../../Engine/Plugins/FX/Niagara/Content/Enums/Ribbons/ENiagara_UnsetDirectSet.uexp" 748
"../../../Engine/Plugins/FX/Niagara/Content/Enums/ENiagara_ColorInitializationMode.uasset" 749
"../../../Engine/Plugins/FX/Niagara/Content/Enums/ENiagara_ColorInitializationMode.uexp" 750
"../../../Engine/Plugins/FX/Niagara/Content/Functions/LinearColor/HueShiftLinearColor.uasset" 751
"../../../Engine/Plugins/FX/Niagara/Content/Functions/LinearColor/HueShiftLinearColor.uexp" 752
"../../../Engine/Plugins/FX/Niagara/Content/Enums/ENiagaraChannelCorrelation.uasset" 753
"../../../Engine/Plugins/FX/Niagara/Content/Enums/ENiagaraChannelCorrelation.uexp" 754
"../../../Engine/Plugins/FX/Niagara/Content/Modules/Spawn/Initialization/InitializeRibbon.uasset" 755
"../../../Engine/Plugins/FX/Niagara/Content/Modules/Spawn/Initialization/InitializeRibbon.uexp" 756
"../../../Engine/Plugins/FX/Niagara/Content/Enums/ENiagaraSystemInactiveMode.uasset" 757
"../../../Engine/Plugins/FX/Niagara/Content/Enums/ENiagaraSystemInactiveMode.uexp" 758
"../../../Engine/Plugins/FX/Niagara/Content/Functions/System/SystemChangeState.uasset" 759
"../../../Engine/Plugins/FX/Niagara/Content/Functions/System/SystemChangeState.uexp" 760
"../../../Engine/Plugins/FX/Niagara/Content/Modules/System/SystemState.uasset" 761
"../../../Engine/Plugins/FX/Niagara/Content/Modules/System/SystemState.uexp" 762
"D:/OsborneE_LeeA/HW2/Chess_shooter/Content/VRTemplate/VFX/NPC_VRTemplate.uasset" 763
"D:/OsborneE_LeeA/HW2/Chess_shooter/Content/VRTemplate/VFX/NPC_VRTemplate.uexp" 764
"../../../Engine/Content/EngineMaterials/Good64x64TilingNoiseHighFreq.uasset" 765
"../../../Engine/Content/EngineMaterials/Good64x64TilingNoiseHighFreq.uexp" 766
"../../../Engine/Content/Functions/Engine_MaterialFunctions02/Utility/DepthFromWorldPosition.uasset" 767
"../../../Engine/Content/Functions/Engine_MaterialFunctions02/Utility/DepthFromWorldPosition.uexp" 768
"D:/OsborneE_LeeA/HW2/Chess_shooter/Content/VRTemplate/Materials/Functions/MF_OccludedPixels.uasset" 769
"D:/OsborneE_LeeA/HW2/Chess_shooter/Content/VRTemplate/Materials/Functions/MF_OccludedPixels.uexp" 770
"D:/OsborneE_LeeA/HW2/Chess_shooter/Content/VRTemplate/Materials/M_TeleportNoise.uasset" 771
"D:/OsborneE_LeeA/HW2/Chess_shooter/Content/VRTemplate/Materials/M_TeleportNoise.uexp" 772
"../../../Engine/Plugins/FX/Niagara/Content/Functions/Math/SaturateFloat.uasset" 773
"../../../Engine/Plugins/FX/Niagara/Content/Functions/Math/SaturateFloat.uexp" 774
"../../../Engine/Plugins/FX/Niagara/Content/Icons/Modules/T_Icon_Particle_InfiniteLife.uasset" 775
"../../../Engine/Plugins/FX/Niagara/Content/Icons/Modules/T_Icon_Particle_InfiniteLife.uexp" 776
"../../../Engine/Plugins/FX/Niagara/Content/Modules/Update/Lifetime/ParticleState.uasset" 777
"../../../Engine/Plugins/FX/Niagara/Content/Modules/Update/Lifetime/ParticleState.uexp" 778
"D:/OsborneE_LeeA/HW2/Chess_shooter/Content/VRTemplate/VFX/NS_PlayAreaBounds.uasset" 779
"D:/OsborneE_LeeA/HW2/Chess_shooter/Content/VRTemplate/VFX/NS_PlayAreaBounds.uexp" 780
"../../../Engine/Plugins/FX/Niagara/Content/Enums/ENiagaraTorusDistributionMode.uasset" 781
"../../../Engine/Plugins/FX/Niagara/Content/Enums/ENiagaraTorusDistributionMode.uexp" 782
"../../../Engine/Plugins/FX/Niagara/Content/Enums/ENiagaraTorusMode.uasset" 783
"../../../Engine/Plugins/FX/Niagara/Content/Enums/ENiagaraTorusMode.uexp" 784
"../../../Engine/Plugins/FX/Niagara/Content/Enums/ENiagara_SizeScaleMode.uasset" 785
"../../../Engine/Plugins/FX/Niagara/Content/Enums/ENiagara_SizeScaleMode.uexp" 786
"../../../Engine/Plugins/FX/Niagara/Content/Enums/ENiagara_UVFlippingMode.uasset" 787
"../../../Engine/Plugins/FX/Niagara/Content/Enums/ENiagara_UVFlippingMode.uexp" 788
"../../../Engine/Plugins/FX/Niagara/Content/Enums/Ribbons/ENiagara_UnsetDirectSetRandom.uasset" 789
"../../../Engine/Plugins/FX/Niagara/Content/Enums/Ribbons/ENiagara_UnsetDirectSetRandom.uexp" 790
"../../../Engine/Plugins/FX/Niagara/Content/Functions/V2/CalculateRandomBool.uasset" 791
"../../../Engine/Plugins/FX/Niagara/Content/Functions/V2/CalculateRandomBool.uexp" 792
"../../../Engine/Plugins/FX/Niagara/Content/Enums/ENiagara_SpriteRotationMode.uasset" 793
"../../../Engine/Plugins/FX/Niagara/Content/Enums/ENiagara_SpriteRotationMode.uexp" 794
"../../../Engine/Plugins/FX/Niagara/Content/Modules/Spawn/Initialization/V2/InitializeParticle.uasset" 795
"../../../Engine/Plugins/FX/Niagara/Content/Modules/Spawn/Initialization/V2/InitializeParticle.uexp" 796
"D:/OsborneE_LeeA/HW2/Chess_shooter/Content/VRTemplate/Materials/M_TeleportCylinder.uasset" 797
"D:/OsborneE_LeeA/HW2/Chess_shooter/Content/VRTemplate/Materials/M_TeleportCylinder.uexp" 798
"../../../Engine/Content/BasicShapes/Cylinder.uasset" 799
"../../../Engine/Content/BasicShapes/Cylinder.uexp" 800
"../../../Engine/Plugins/FX/Niagara/Content/Functions/DirectionAndLengthSafe.uasset" 801
"../../../Engine/Plugins/FX/Niagara/Content/Functions/DirectionAndLengthSafe.uexp" 802
"../../../Engine/Plugins/FX/Niagara/Content/Functions/Rotation/MultiplyVectorWithQuaternion.uasset" 803
"../../../Engine/Plugins/FX/Niagara/Content/Functions/Rotation/MultiplyVectorWithQuaternion.uexp" 804
"../../../Engine/Plugins/FX/Niagara/Content/Functions/Rotation/MultiplyQuaternion.uasset" 805
"../../../Engine/Plugins/FX/Niagara/Content/Functions/Rotation/MultiplyQuaternion.uexp" 806
"../../../Engine/Plugins/FX/Niagara/Content/Functions/Rotation/FindQuatBetween.uasset" 807
"../../../Engine/Plugins/FX/Niagara/Content/Functions/Rotation/FindQuatBetween.uexp" 808
"../../../Engine/Plugins/FX/Niagara/Content/Functions/RandomRange.uasset" 809
"../../../Engine/Plugins/FX/Niagara/Content/Functions/RandomRange.uexp" 810
"../../../Engine/Plugins/FX/Niagara/Content/Enums/ENiagaraVector4_Channels.uasset" 811
"../../../Engine/Plugins/FX/Niagara/Content/Enums/ENiagaraVector4_Channels.uexp" 812
"../../../Engine/Plugins/FX/Niagara/Content/Functions/ChannelMasks/SelectV4Channel.uasset" 813
"../../../Engine/Plugins/FX/Niagara/Content/Functions/ChannelMasks/SelectV4Channel.uexp" 814
"../../../Engine/Plugins/FX/Niagara/Content/Functions/Localspace/PositionToVector.uasset" 815
"../../../Engine/Plugins/FX/Niagara/Content/Functions/Localspace/PositionToVector.uexp" 816
"../../../Engine/Plugins/FX/Niagara/Content/Functions/ParametricTorusKnot.uasset" 817
"../../../Engine/Plugins/FX/Niagara/Content/Functions/ParametricTorusKnot.uexp" 818
"../../../Engine/Plugins/FX/Niagara/Content/Functions/PolarToCartesianCoordinates.uasset" 819
"../../../Engine/Plugins/FX/Niagara/Content/Functions/PolarToCartesianCoordinates.uexp" 820
"../../../Engine/Plugins/FX/Niagara/Content/Functions/ParametricTorus.uasset" 821
"../../../Engine/Plugins/FX/Niagara/Content/Functions/ParametricTorus.uexp" 822
"../../../Engine/Plugins/FX/Niagara/Content/Functions/Rotation/AxisAngleToQuaternion.uasset" 823
"../../../Engine/Plugins/FX/Niagara/Content/Functions/Rotation/AxisAngleToQuaternion.uexp" 824
"../../../Engine/Plugins/FX/Niagara/Content/Modules/Spawn/Location/TorusLocation.uasset" 825
"../../../Engine/Plugins/FX/Niagara/Content/Modules/Spawn/Location/TorusLocation.uexp" 826
"D:/OsborneE_LeeA/HW2/Chess_shooter/Content/VRTemplate/VFX/NS_TeleportRing.uasset" 827
"D:/OsborneE_LeeA/HW2/Chess_shooter/Content/VRTemplate/VFX/NS_TeleportRing.uexp" 828
"D:/OsborneE_LeeA/HW2/Chess_shooter/Content/VRTemplate/Blueprints/VRTeleportVisualizer.uasset" 829
"D:/OsborneE_LeeA/HW2/Chess_shooter/Content/VRTemplate/Blueprints/VRTeleportVisualizer.uexp" 830
"../../../Engine/Plugins/FX/Niagara/Content/DynamicInputs/Helpers/SimulationPosition.uasset" 831
"../../../Engine/Plugins/FX/Niagara/Content/DynamicInputs/Helpers/SimulationPosition.uexp" 832
"../../../Engine/Plugins/FX/Niagara/Content/Functions/Localspace/TransformPosition.uasset" 833
"../../../Engine/Plugins/FX/Niagara/Content/Functions/Localspace/TransformPosition.uexp" 834
"../../../Engine/Plugins/FX/Niagara/Content/Modules/Beams/BeamEmitterSetup.uasset" 835
"../../../Engine/Plugins/FX/Niagara/Content/Modules/Beams/BeamEmitterSetup.uexp" 836
"../../../Engine/Plugins/FX/Niagara/Content/Modules/Spawn/Initialization/InitializeParticle.uasset" 837
"../../../Engine/Plugins/FX/Niagara/Content/Modules/Spawn/Initialization/InitializeParticle.uexp" 838
"../../../Engine/Plugins/FX/Niagara/Content/Icons/Modules/T_Icon_Solver_LimitSpeed.uasset" 839
"../../../Engine/Plugins/FX/Niagara/Content/Icons/Modules/T_Icon_Solver_LimitSpeed.uexp" 840
"../../../Engine/Plugins/FX/Niagara/Content/Modules/Solvers/ApplyRotationVector.uasset" 841
"../../../Engine/Plugins/FX/Niagara/Content/Modules/Solvers/ApplyRotationVector.uexp" 842
"../../../Engine/Plugins/FX/Niagara/Content/Icons/Modules/T_Icon_Solver_RotationalSolve.uasset" 843
"../../../Engine/Plugins/FX/Niagara/Content/Icons/Modules/T_Icon_Solver_RotationalSolve.uexp" 844
"../../../Engine/Plugins/FX/Niagara/Content/Icons/Modules/T_Icon_Solver_LimitAccel.uasset" 845
"../../../Engine/Plugins/FX/Niagara/Content/Icons/Modules/T_Icon_Solver_LimitAccel.uexp" 846
"../../../Engine/Plugins/FX/Niagara/Content/Modules/Solvers/SolveForcesAndVelocity.uasset" 847
"../../../Engine/Plugins/FX/Niagara/Content/Modules/Solvers/SolveForcesAndVelocity.uexp" 848
"../../../Engine/Plugins/FX/Niagara/Content/Functions/Spline/FindPositionOnBezierSpline.uasset" 849
"../../../Engine/Plugins/FX/Niagara/Content/Functions/Spline/FindPositionOnBezierSpline.uexp" 850
"../../../Engine/Plugins/FX/Niagara/Content/Modules/Beams/SpawnBeam.uasset" 851
"../../../Engine/Plugins/FX/Niagara/Content/Modules/Beams/SpawnBeam.uexp" 852
"../../../Engine/Plugins/FX/Niagara/Content/Modules/Beams/BeamWidth.uasset" 853
"../../../Engine/Plugins/FX/Niagara/Content/Modules/Beams/BeamWidth.uexp" 854
"D:/OsborneE_LeeA/HW2/Chess_shooter/Content/VRTemplate/Materials/DefaultRibbonMaterial_NoGradient.uasset" 855
"D:/OsborneE_LeeA/HW2/Chess_shooter/Content/VRTemplate/Materials/DefaultRibbonMaterial_NoGradient.uexp" 856
"../../../Engine/Plugins/FX/Niagara/Content/DynamicInputs/ValueFromCurve/FloatFromCurve.uasset" 857
"../../../Engine/Plugins/FX/Niagara/Content/DynamicInputs/ValueFromCurve/FloatFromCurve.uexp" 858
"../../../Engine/Plugins/FX/Niagara/Content/Modules/Update/Color/Color.uasset" 859
"../../../Engine/Plugins/FX/Niagara/Content/Modules/Update/Color/Color.uexp" 860
"../../../Engine/Plugins/FX/Niagara/Content/DynamicInputs/ValueFromCurve/ColorFromCurve.uasset" 861
"../../../Engine/Plugins/FX/Niagara/Content/DynamicInputs/ValueFromCurve/ColorFromCurve.uexp" 862
"D:/OsborneE_LeeA/HW2/Chess_shooter/Content/VRTemplate/VFX/NS_TeleportTrace.uasset" 863
"D:/OsborneE_LeeA/HW2/Chess_shooter/Content/VRTemplate/VFX/NS_TeleportTrace.uexp" 864
"../../../Engine/Content/VREditor/Devices/Generic/GenericHMDMaterial.uasset" 865
"../../../Engine/Content/VREditor/Devices/Generic/GenericHMDMaterial.uexp" 866
"../../../Engine/Content/VREditor/Devices/Generic/GenericHMD.uasset" 867
"../../../Engine/Content/VREditor/Devices/Generic/GenericHMD.uexp" 868
"D:/OsborneE_LeeA/HW2/Chess_shooter/Content/VRTemplate/VFX/NS_MenuLaser.uasset" 869
"D:/OsborneE_LeeA/HW2/Chess_shooter/Content/VRTemplate/VFX/NS_MenuLaser.uexp" 870
"D:/OsborneE_LeeA/HW2/Chess_shooter/Content/VRTemplate/Blueprints/WidgetMenu.uasset" 871
"D:/OsborneE_LeeA/HW2/Chess_shooter/Content/VRTemplate/Blueprints/WidgetMenu.uexp" 872
"../../../Engine/Content/BasicShapes/Sphere.uasset" 873
"../../../Engine/Content/BasicShapes/Sphere.uexp" 874
"D:/OsborneE_LeeA/HW2/Chess_shooter/Content/VRTemplate/Materials/M_VRCursor.uasset" 875
"D:/OsborneE_LeeA/HW2/Chess_shooter/Content/VRTemplate/Materials/M_VRCursor.uexp" 876
"D:/OsborneE_LeeA/HW2/Chess_shooter/Content/VRTemplate/Blueprints/Menu.uasset" 877
"D:/OsborneE_LeeA/HW2/Chess_shooter/Content/VRTemplate/Blueprints/Menu.uexp" 878
"D:/OsborneE_LeeA/HW2/Chess_shooter/Content/VRTemplate/Blueprints/VRPawn.uasset" 879
"D:/OsborneE_LeeA/HW2/Chess_shooter/Content/VRTemplate/Blueprints/VRPawn.uexp" 880
"D:/OsborneE_LeeA/HW2/Chess_shooter/Content/VRTemplate/Blueprints/VRGameMode.uasset" 881
"D:/OsborneE_LeeA/HW2/Chess_shooter/Content/VRTemplate/Blueprints/VRGameMode.uexp" 882
"D:/OsborneE_LeeA/HW2/Chess_shooter/Content/VRTemplate/Blueprints/chessPieces/NewChess/Material.uasset" 883
"D:/OsborneE_LeeA/HW2/Chess_shooter/Content/VRTemplate/Blueprints/chessPieces/NewChess/Material.uexp" 884
"D:/OsborneE_LeeA/HW2/Chess_shooter/Content/VRTemplate/Blueprints/chessPieces/NewChess/Chess_Pawn.uasset" 885
"D:/OsborneE_LeeA/HW2/Chess_shooter/Content/VRTemplate/Blueprints/chessPieces/NewChess/Chess_Pawn.uexp" 886
"D:/OsborneE_LeeA/HW2/Chess_shooter/Content/Blueprints/Enemies/BP_pawn.uasset" 887
"D:/OsborneE_LeeA/HW2/Chess_shooter/Content/Blueprints/Enemies/BP_pawn.uexp" 888
"D:/OsborneE_LeeA/HW2/Chess_shooter/Content/Blueprints/Enemies/PawnSpawnPoint.uasset" 889
"D:/OsborneE_LeeA/HW2/Chess_shooter/Content/Blueprints/Enemies/PawnSpawnPoint.uexp" 890
"D:/OsborneE_LeeA/HW2/Chess_shooter/Content/Blueprints/Enemies/Pawn_controller.uasset" 891
"D:/OsborneE_LeeA/HW2/Chess_shooter/Content/Blueprints/Enemies/Pawn_controller.uexp" 892
"D:/OsborneE_LeeA/HW2/Chess_shooter/Content/StarterContent/Textures/T_Metal_Steel_D.ubulk" 893
"D:/OsborneE_LeeA/HW2/Chess_shooter/Content/StarterContent/Textures/T_Metal_Steel_D.uasset" 894
"D:/OsborneE_LeeA/HW2/Chess_shooter/Content/StarterContent/Textures/T_Metal_Steel_D.uexp" 895
"D:/OsborneE_LeeA/HW2/Chess_shooter/Content/StarterContent/Textures/T_MacroVariation.uasset" 896
"D:/OsborneE_LeeA/HW2/Chess_shooter/Content/StarterContent/Textures/T_MacroVariation.uexp" 897
"D:/OsborneE_LeeA/HW2/Chess_shooter/Content/StarterContent/Textures/T_Metal_Steel_N.ubulk" 898
"D:/OsborneE_LeeA/HW2/Chess_shooter/Content/StarterContent/Textures/T_Metal_Steel_N.uasset" 899
"D:/OsborneE_LeeA/HW2/Chess_shooter/Content/StarterContent/Textures/T_Metal_Steel_N.uexp" 900
"D:/OsborneE_LeeA/HW2/Chess_shooter/Content/StarterContent/Materials/M_Metal_Steel.uasset" 901
"D:/OsborneE_LeeA/HW2/Chess_shooter/Content/StarterContent/Materials/M_Metal_Steel.uexp" 902
"D:/OsborneE_LeeA/HW2/Chess_shooter/Content/AnimStarterPack/UE4_Mannequin/Textures/UE4_Mannequin__normals.ubulk" 903
"D:/OsborneE_LeeA/HW2/Chess_shooter/Content/AnimStarterPack/UE4_Mannequin/Textures/UE4_Mannequin__normals.uasset" 904
"D:/OsborneE_LeeA/HW2/Chess_shooter/Content/AnimStarterPack/UE4_Mannequin/Textures/UE4_Mannequin__normals.uexp" 905
"D:/OsborneE_LeeA/HW2/Chess_shooter/Content/AnimStarterPack/UE4_Mannequin/Textures/UE4_LOGO_CARD.ubulk" 906
"D:/OsborneE_LeeA/HW2/Chess_shooter/Content/AnimStarterPack/UE4_Mannequin/Textures/UE4_LOGO_CARD.uasset" 907
"D:/OsborneE_LeeA/HW2/Chess_shooter/Content/AnimStarterPack/UE4_Mannequin/Textures/UE4_LOGO_CARD.uexp" 908
"D:/OsborneE_LeeA/HW2/Chess_shooter/Content/AnimStarterPack/UE4_Mannequin/Materials/MaterialLayers/ML_Plastic_Shiny_Beige_LOGO.uasset" 909
"D:/OsborneE_LeeA/HW2/Chess_shooter/Content/AnimStarterPack/UE4_Mannequin/Materials/MaterialLayers/ML_Plastic_Shiny_Beige_LOGO.uexp" 910
"D:/OsborneE_LeeA/HW2/Chess_shooter/Content/AnimStarterPack/UE4_Mannequin/Materials/MaterialLayers/T_ML_Aluminum01.ubulk" 911
"D:/OsborneE_LeeA/HW2/Chess_shooter/Content/AnimStarterPack/UE4_Mannequin/Materials/MaterialLayers/T_ML_Aluminum01.uasset" 912
"D:/OsborneE_LeeA/HW2/Chess_shooter/Content/AnimStarterPack/UE4_Mannequin/Materials/MaterialLayers/T_ML_Aluminum01.uexp" 913
"D:/OsborneE_LeeA/HW2/Chess_shooter/Content/AnimStarterPack/UE4_Mannequin/Materials/MaterialLayers/T_ML_Aluminum01_N.ubulk" 914
"D:/OsborneE_LeeA/HW2/Chess_shooter/Content/AnimStarterPack/UE4_Mannequin/Materials/MaterialLayers/T_ML_Aluminum01_N.uasset" 915
"D:/OsborneE_LeeA/HW2/Chess_shooter/Content/AnimStarterPack/UE4_Mannequin/Materials/MaterialLayers/T_ML_Aluminum01_N.uexp" 916
"D:/OsborneE_LeeA/HW2/Chess_shooter/Content/AnimStarterPack/UE4_Mannequin/Materials/MaterialLayers/ML_SoftMetal_UE4.uasset" 917
"D:/OsborneE_LeeA/HW2/Chess_shooter/Content/AnimStarterPack/UE4_Mannequin/Materials/MaterialLayers/ML_SoftMetal_UE4.uexp" 918
"../../../Engine/Content/Functions/Engine_MaterialFunctions02/Utility/BlendAngleCorrectedNormals.uasset" 919
"../../../Engine/Content/Functions/Engine_MaterialFunctions02/Utility/BlendAngleCorrectedNormals.uexp" 920
"D:/OsborneE_LeeA/HW2/Chess_shooter/Content/AnimStarterPack/UE4_Mannequin/Textures/UE4_Mannequin_occlusion_Mobile.ubulk" 921
"D:/OsborneE_LeeA/HW2/Chess_shooter/Content/AnimStarterPack/UE4_Mannequin/Textures/UE4_Mannequin_occlusion_Mobile.uasset" 922
"D:/OsborneE_LeeA/HW2/Chess_shooter/Content/AnimStarterPack/UE4_Mannequin/Textures/UE4_Mannequin_occlusion_Mobile.uexp" 923
"../../../Engine/Content/Functions/MaterialLayerFunctions/MatLayerBlend_NormalBlend.uasset" 924
"../../../Engine/Content/Functions/MaterialLayerFunctions/MatLayerBlend_NormalBlend.uexp" 925
"D:/OsborneE_LeeA/HW2/Chess_shooter/Content/AnimStarterPack/UE4_Mannequin/Textures/UE4_Mannequin_MAT_MASKA.ubulk" 926
"D:/OsborneE_LeeA/HW2/Chess_shooter/Content/AnimStarterPack/UE4_Mannequin/Textures/UE4_Mannequin_MAT_MASKA.uasset" 927
"D:/OsborneE_LeeA/HW2/Chess_shooter/Content/AnimStarterPack/UE4_Mannequin/Textures/UE4_Mannequin_MAT_MASKA.uexp" 928
"D:/OsborneE_LeeA/HW2/Chess_shooter/Content/AnimStarterPack/UE4_Mannequin/Materials/MaterialLayers/T_ML_Rubber_Blue_01_N.ubulk" 929
"D:/OsborneE_LeeA/HW2/Chess_shooter/Content/AnimStarterPack/UE4_Mannequin/Materials/MaterialLayers/T_ML_Rubber_Blue_01_N.uasset" 930
"D:/OsborneE_LeeA/HW2/Chess_shooter/Content/AnimStarterPack/UE4_Mannequin/Materials/MaterialLayers/T_ML_Rubber_Blue_01_N.uexp" 931
"D:/OsborneE_LeeA/HW2/Chess_shooter/Content/AnimStarterPack/UE4_Mannequin/Materials/MaterialLayers/T_ML_Rubber_Blue_01_D.ubulk" 932
"D:/OsborneE_LeeA/HW2/Chess_shooter/Content/AnimStarterPack/UE4_Mannequin/Materials/MaterialLayers/T_ML_Rubber_Blue_01_D.uasset" 933
"D:/OsborneE_LeeA/HW2/Chess_shooter/Content/AnimStarterPack/UE4_Mannequin/Materials/MaterialLayers/T_ML_Rubber_Blue_01_D.uexp" 934
"D:/OsborneE_LeeA/HW2/Chess_shooter/Content/AnimStarterPack/UE4_Mannequin/Materials/MaterialLayers/ML_GlossyBlack_Latex_UE4.uasset" 935
"D:/OsborneE_LeeA/HW2/Chess_shooter/Content/AnimStarterPack/UE4_Mannequin/Materials/MaterialLayers/ML_GlossyBlack_Latex_UE4.uexp" 936
"../../../Engine/Content/Functions/MaterialLayerFunctions/MatLayerBlend_Simple.uasset" 937
"../../../Engine/Content/Functions/MaterialLayerFunctions/MatLayerBlend_Simple.uexp" 938
"D:/OsborneE_LeeA/HW2/Chess_shooter/Content/AnimStarterPack/UE4_Mannequin/Materials/MaterialLayers/ML_Plastic_Shiny_Beige.uasset" 939
"D:/OsborneE_LeeA/HW2/Chess_shooter/Content/AnimStarterPack/UE4_Mannequin/Materials/MaterialLayers/ML_Plastic_Shiny_Beige.uexp" 940
"../../../Engine/Content/Functions/MaterialLayerFunctions/MatLayerBlend_AO.uasset" 941
"../../../Engine/Content/Functions/MaterialLayerFunctions/MatLayerBlend_AO.uexp" 942
"D:/OsborneE_LeeA/HW2/Chess_shooter/Content/AnimStarterPack/UE4_Mannequin/Materials/M_UE4Man_Body.uasset" 943
"D:/OsborneE_LeeA/HW2/Chess_shooter/Content/AnimStarterPack/UE4_Mannequin/Materials/M_UE4Man_Body.uexp" 944
"D:/OsborneE_LeeA/HW2/Chess_shooter/Content/AnimStarterPack/UE4_Mannequin/Textures/UE4Man_Logo_N.ubulk" 945
"D:/OsborneE_LeeA/HW2/Chess_shooter/Content/AnimStarterPack/UE4_Mannequin/Textures/UE4Man_Logo_N.uasset" 946
"D:/OsborneE_LeeA/HW2/Chess_shooter/Content/AnimStarterPack/UE4_Mannequin/Textures/UE4Man_Logo_N.uexp" 947
"D:/OsborneE_LeeA/HW2/Chess_shooter/Content/AnimStarterPack/UE4_Mannequin/Materials/M_UE4Man_ChestLogo.uasset" 948
"D:/OsborneE_LeeA/HW2/Chess_shooter/Content/AnimStarterPack/UE4_Mannequin/Materials/M_UE4Man_ChestLogo.uexp" 949
"D:/OsborneE_LeeA/HW2/Chess_shooter/Content/AnimStarterPack/UE4_Mannequin/Mesh/UE4_Mannequin_Skeleton.uasset" 950
"D:/OsborneE_LeeA/HW2/Chess_shooter/Content/AnimStarterPack/UE4_Mannequin/Mesh/UE4_Mannequin_Skeleton.uexp" 951
"D:/OsborneE_LeeA/HW2/Chess_shooter/Content/AnimStarterPack/UE4_Mannequin/Mesh/SK_Mannequin_PhysicsAsset.uasset" 952
"D:/OsborneE_LeeA/HW2/Chess_shooter/Content/AnimStarterPack/UE4_Mannequin/Mesh/SK_Mannequin_PhysicsAsset.uexp" 953
"D:/OsborneE_LeeA/HW2/Chess_shooter/Content/AnimStarterPack/UE4_Mannequin/Mesh/SK_Mannequin.uasset" 954
"D:/OsborneE_LeeA/HW2/Chess_shooter/Content/AnimStarterPack/UE4_Mannequin/Mesh/SK_Mannequin.uexp" 955
"D:/OsborneE_LeeA/HW2/Chess_shooter/Content/AnimStarterPack/Crouch_Idle_Rifle_Hip.uasset" 956
"D:/OsborneE_LeeA/HW2/Chess_shooter/Content/AnimStarterPack/Crouch_Idle_Rifle_Hip.uexp" 957
"D:/OsborneE_LeeA/HW2/Chess_shooter/Content/AnimStarterPack/Jump_From_Jog.uasset" 958
"D:/OsborneE_LeeA/HW2/Chess_shooter/Content/AnimStarterPack/Jump_From_Jog.uexp" 959
"D:/OsborneE_LeeA/HW2/Chess_shooter/Content/AnimStarterPack/Jog_Bwd_Rifle.uasset" 960
"D:/OsborneE_LeeA/HW2/Chess_shooter/Content/AnimStarterPack/Jog_Bwd_Rifle.uexp" 961
"D:/OsborneE_LeeA/HW2/Chess_shooter/Content/AnimStarterPack/Jog_Lt_Rifle.uasset" 962
"D:/OsborneE_LeeA/HW2/Chess_shooter/Content/AnimStarterPack/Jog_Lt_Rifle.uexp" 963
"D:/OsborneE_LeeA/HW2/Chess_shooter/Content/AnimStarterPack/Jog_Rt_Rifle.uasset" 964
"D:/OsborneE_LeeA/HW2/Chess_shooter/Content/AnimStarterPack/Jog_Rt_Rifle.uexp" 965
"D:/OsborneE_LeeA/HW2/Chess_shooter/Content/AnimStarterPack/Jog_Fwd_Rifle.uasset" 966
"D:/OsborneE_LeeA/HW2/Chess_shooter/Content/AnimStarterPack/Jog_Fwd_Rifle.uexp" 967
"D:/OsborneE_LeeA/HW2/Chess_shooter/Content/AnimStarterPack/BS_Jog.uasset" 968
"D:/OsborneE_LeeA/HW2/Chess_shooter/Content/AnimStarterPack/BS_Jog.uexp" 969
"D:/OsborneE_LeeA/HW2/Chess_shooter/Content/AnimStarterPack/Idle_Rifle_Hip.uasset" 970
"D:/OsborneE_LeeA/HW2/Chess_shooter/Content/AnimStarterPack/Idle_Rifle_Hip.uexp" 971
"D:/OsborneE_LeeA/HW2/Chess_shooter/Content/AnimStarterPack/Crouch_Walk_Rt_Rifle_Hip.uasset" 972
"D:/OsborneE_LeeA/HW2/Chess_shooter/Content/AnimStarterPack/Crouch_Walk_Rt_Rifle_Hip.uexp" 973
"D:/OsborneE_LeeA/HW2/Chess_shooter/Content/AnimStarterPack/Crouch_Walk_Bwd_Rifle_Hip.uasset" 974
"D:/OsborneE_LeeA/HW2/Chess_shooter/Content/AnimStarterPack/Crouch_Walk_Bwd_Rifle_Hip.uexp" 975
"D:/OsborneE_LeeA/HW2/Chess_shooter/Content/AnimStarterPack/Crouch_Walk_Fwd_Rifle_Hip.uasset" 976
"D:/OsborneE_LeeA/HW2/Chess_shooter/Content/AnimStarterPack/Crouch_Walk_Fwd_Rifle_Hip.uexp" 977
"D:/OsborneE_LeeA/HW2/Chess_shooter/Content/AnimStarterPack/Crouch_Walk_Lt_Rifle_Hip.uasset" 978
"D:/OsborneE_LeeA/HW2/Chess_shooter/Content/AnimStarterPack/Crouch_Walk_Lt_Rifle_Hip.uexp" 979
"D:/OsborneE_LeeA/HW2/Chess_shooter/Content/AnimStarterPack/BS_CrouchWalk.uasset" 980
"D:/OsborneE_LeeA/HW2/Chess_shooter/Content/AnimStarterPack/BS_CrouchWalk.uexp" 981
"D:/OsborneE_LeeA/HW2/Chess_shooter/Content/AnimStarterPack/Jump_From_Stand.uasset" 982
"D:/OsborneE_LeeA/HW2/Chess_shooter/Content/AnimStarterPack/Jump_From_Stand.uexp" 983
"D:/OsborneE_LeeA/HW2/Chess_shooter/Content/AnimStarterPack/UE4ASP_HeroTPP_AnimBlueprint.uasset" 984
"D:/OsborneE_LeeA/HW2/Chess_shooter/Content/AnimStarterPack/UE4ASP_HeroTPP_AnimBlueprint.uexp" 985
"D:/OsborneE_LeeA/HW2/Chess_shooter/Content/AnimStarterPack/Ue4ASP_Character.uasset" 986
"D:/OsborneE_LeeA/HW2/Chess_shooter/Content/AnimStarterPack/Ue4ASP_Character.uexp" 987
"D:/OsborneE_LeeA/HW2/Chess_shooter/Content/Blueprints/Enemies/Pawn.uasset" 988
"D:/OsborneE_LeeA/HW2/Chess_shooter/Content/Blueprints/Enemies/Pawn.uexp" 989
"../../../Engine/Content/BasicShapes/BasicShapeMaterial.uasset" 990
"../../../Engine/Content/BasicShapes/BasicShapeMaterial.uexp" 991
"../../../Engine/Content/VREditor/BasicMeshes/MI_Ball_01.uasset" 992
"../../../Engine/Content/VREditor/BasicMeshes/MI_Ball_01.uexp" 993
"../../../Engine/Content/VREditor/BasicMeshes/SM_Ball_01.uasset" 994
"../../../Engine/Content/VREditor/BasicMeshes/SM_Ball_01.uexp" 995
"D:/OsborneE_LeeA/HW2/Chess_shooter/Content/VRTemplate/Audio/Fire01.ubulk" 996
"D:/OsborneE_LeeA/HW2/Chess_shooter/Content/VRTemplate/Audio/Fire01.uasset" 997
"D:/OsborneE_LeeA/HW2/Chess_shooter/Content/VRTemplate/Audio/Fire01.uexp" 998
"D:/OsborneE_LeeA/HW2/Chess_shooter/Content/VRTemplate/Audio/Fire_Cue.uasset" 999
"D:/OsborneE_LeeA/HW2/Chess_shooter/Content/VRTemplate/Audio/Fire_Cue.uexp" 1000
"D:/OsborneE_LeeA/HW2/Chess_shooter/Content/FPWeapon/Mesh/SK_FPGun_Skeleton.uasset" 1001
"D:/OsborneE_LeeA/HW2/Chess_shooter/Content/FPWeapon/Mesh/SK_FPGun_Skeleton.uexp" 1002
"D:/OsborneE_LeeA/HW2/Chess_shooter/Content/FPWeapon/Materials/MaterialLayers/T_ML_Rubber_Blue_01_D.ubulk" 1003
"D:/OsborneE_LeeA/HW2/Chess_shooter/Content/FPWeapon/Materials/MaterialLayers/T_ML_Rubber_Blue_01_D.uasset" 1004
"D:/OsborneE_LeeA/HW2/Chess_shooter/Content/FPWeapon/Materials/MaterialLayers/T_ML_Rubber_Blue_01_D.uexp" 1005
"D:/OsborneE_LeeA/HW2/Chess_shooter/Content/FPWeapon/Textures/T_FPGun_N.ubulk" 1006
"D:/OsborneE_LeeA/HW2/Chess_shooter/Content/FPWeapon/Textures/T_FPGun_N.uasset" 1007
"D:/OsborneE_LeeA/HW2/Chess_shooter/Content/FPWeapon/Textures/T_FPGun_N.uexp" 1008
"D:/OsborneE_LeeA/HW2/Chess_shooter/Content/FPWeapon/Materials/MaterialLayers/T_ML_Rubber_Blue_01_N.ubulk" 1009
"D:/OsborneE_LeeA/HW2/Chess_shooter/Content/FPWeapon/Materials/MaterialLayers/T_ML_Rubber_Blue_01_N.uasset" 1010
"D:/OsborneE_LeeA/HW2/Chess_shooter/Content/FPWeapon/Materials/MaterialLayers/T_ML_Rubber_Blue_01_N.uexp" 1011
"D:/OsborneE_LeeA/HW2/Chess_shooter/Content/FPWeapon/Materials/MaterialLayers/ML_Screen.uasset" 1012
"D:/OsborneE_LeeA/HW2/Chess_shooter/Content/FPWeapon/Materials/MaterialLayers/ML_Screen.uexp" 1013
"D:/OsborneE_LeeA/HW2/Chess_shooter/Content/FPWeapon/Materials/MaterialLayers/T_ML_Aluminum01_N.ubulk" 1014
"D:/OsborneE_LeeA/HW2/Chess_shooter/Content/FPWeapon/Materials/MaterialLayers/T_ML_Aluminum01_N.uasset" 1015
"D:/OsborneE_LeeA/HW2/Chess_shooter/Content/FPWeapon/Materials/MaterialLayers/T_ML_Aluminum01_N.uexp" 1016
"D:/OsborneE_LeeA/HW2/Chess_shooter/Content/FPWeapon/Materials/MaterialLayers/T_ML_Aluminum01.ubulk" 1017
"D:/OsborneE_LeeA/HW2/Chess_shooter/Content/FPWeapon/Materials/MaterialLayers/T_ML_Aluminum01.uasset" 1018
"D:/OsborneE_LeeA/HW2/Chess_shooter/Content/FPWeapon/Materials/MaterialLayers/T_ML_Aluminum01.uexp" 1019
"D:/OsborneE_LeeA/HW2/Chess_shooter/Content/FPWeapon/Materials/MaterialLayers/ML_SoftMetal_UE4.uasset" 1020
"D:/OsborneE_LeeA/HW2/Chess_shooter/Content/FPWeapon/Materials/MaterialLayers/ML_SoftMetal_UE4.uexp" 1021
"D:/OsborneE_LeeA/HW2/Chess_shooter/Content/FPWeapon/Textures/T_FPGun_M.ubulk" 1022
"D:/OsborneE_LeeA/HW2/Chess_shooter/Content/FPWeapon/Textures/T_FPGun_M.uasset" 1023
"D:/OsborneE_LeeA/HW2/Chess_shooter/Content/FPWeapon/Textures/T_FPGun_M.uexp" 1024
"D:/OsborneE_LeeA/HW2/Chess_shooter/Content/FPWeapon/Materials/MaterialLayers/ML_Plastic_Shiny_Beige.uasset" 1025
"D:/OsborneE_LeeA/HW2/Chess_shooter/Content/FPWeapon/Materials/MaterialLayers/ML_Plastic_Shiny_Beige.uexp" 1026
"D:/OsborneE_LeeA/HW2/Chess_shooter/Content/FPWeapon/Materials/MaterialLayers/ML_GlossyBlack_Latex_UE4.uasset" 1027
"D:/OsborneE_LeeA/HW2/Chess_shooter/Content/FPWeapon/Materials/MaterialLayers/ML_GlossyBlack_Latex_UE4.uexp" 1028
"D:/OsborneE_LeeA/HW2/Chess_shooter/Content/FPWeapon/Materials/M_FPGun.uasset" 1029
"D:/OsborneE_LeeA/HW2/Chess_shooter/Content/FPWeapon/Materials/M_FPGun.uexp" 1030
"D:/OsborneE_LeeA/HW2/Chess_shooter/Content/FPWeapon/Mesh/SK_FPGun_Physics.uasset" 1031
"D:/OsborneE_LeeA/HW2/Chess_shooter/Content/FPWeapon/Mesh/SK_FPGun_Physics.uexp" 1032
"D:/OsborneE_LeeA/HW2/Chess_shooter/Content/FPWeapon/Mesh/SK_FPGun.uasset" 1033
"D:/OsborneE_LeeA/HW2/Chess_shooter/Content/FPWeapon/Mesh/SK_FPGun.uexp" 1034
"D:/OsborneE_LeeA/HW2/Chess_shooter/Content/VRTemplate/Haptics/PistolFireHapticEffect.uasset" 1035
"D:/OsborneE_LeeA/HW2/Chess_shooter/Content/VRTemplate/Haptics/PistolFireHapticEffect.uexp" 1036
"D:/OsborneE_LeeA/HW2/Chess_shooter/Content/VRTemplate/Materials/M_Projectile.uasset" 1037
"D:/OsborneE_LeeA/HW2/Chess_shooter/Content/VRTemplate/Materials/M_Projectile.uexp" 1038
"D:/OsborneE_LeeA/HW2/Chess_shooter/Content/VRTemplate/Materials/MI_Projectile.uasset" 1039
"D:/OsborneE_LeeA/HW2/Chess_shooter/Content/VRTemplate/Materials/MI_Projectile.uexp" 1040
"D:/OsborneE_LeeA/HW2/Chess_shooter/Content/VRTemplate/Blueprints/Projectile.uasset" 1041
"D:/OsborneE_LeeA/HW2/Chess_shooter/Content/VRTemplate/Blueprints/Projectile.uexp" 1042
"D:/OsborneE_LeeA/HW2/Chess_shooter/Content/VRTemplate/Blueprints/Pistol.uasset" 1043
"D:/OsborneE_LeeA/HW2/Chess_shooter/Content/VRTemplate/Blueprints/Pistol.uexp" 1044
"D:/OsborneE_LeeA/HW2/Chess_shooter/Content/VRSpectator/RT_VRSpectator.uasset" 1045
"D:/OsborneE_LeeA/HW2/Chess_shooter/Content/VRSpectator/RT_VRSpectator.uexp" 1046
"../../../Engine/Content/EditorResources/MatineeCam_D.uasset" 1047
"../../../Engine/Content/EditorResources/MatineeCam_D.uexp" 1048
"../../../Engine/Content/EditorMaterials/MatineeCam_mat.uasset" 1049
"../../../Engine/Content/EditorMaterials/MatineeCam_mat.uexp" 1050
"../../../Engine/Content/EditorMeshes/MatineeCam_SM.uasset" 1051
"../../../Engine/Content/EditorMeshes/MatineeCam_SM.uexp" 1052
"D:/OsborneE_LeeA/HW2/Chess_shooter/Content/VRSpectator/EVRSpectatorMode.uasset" 1053
"D:/OsborneE_LeeA/HW2/Chess_shooter/Content/VRSpectator/EVRSpectatorMode.uexp" 1054
"D:/OsborneE_LeeA/HW2/Chess_shooter/Content/VRSpectator/VRSpectator.uasset" 1055
"D:/OsborneE_LeeA/HW2/Chess_shooter/Content/VRSpectator/VRSpectator.uexp" 1056
"D:/OsborneE_LeeA/HW2/Chess_shooter/Content/VRTemplate/Maps/VRTemplateMap.uexp" 1057
"D:/OsborneE_LeeA/HW2/Chess_shooter/Content/VRTemplate/Maps/VRTemplateMap.umap" 1058
